GROUP,PACKAGE,CLASS,INSTRUCTION_MISSED,INSTRUCTION_COVERED,BRANCH_MISSED,BRANCH_COVERED,LINE_MISSED,LINE_COVERED,COMPLEXITY_MISSED,COMPLEXITY_COVERED,METHOD_MISSED,METHOD_COVERED
GordianKnot Security Framework,io.github.tonywasher.joceanus.gordianknot.impl.core.keypair,GordianPublicKey,0,9,0,0,0,4,0,2,0,2
GordianKnot Security Framework,io.github.tonywasher.joceanus.gordianknot.impl.core.keypair,GordianCoreKeyPairFactory,17,82,4,6,6,22,6,12,2,11
GordianKnot Security Framework,io.github.tonywasher.joceanus.gordianknot.impl.core.keypair,GordianCoreKeyPair,39,89,9,13,9,21,10,9,1,7
GordianKnot Security Framework,io.github.tonywasher.joceanus.gordianknot.impl.core.keypair,GordianPrivateKey,0,9,0,0,0,4,0,2,0,2
GordianKnot Security Framework,io.github.tonywasher.joceanus.gordianknot.impl.core.keypair,GordianCompositeKeyPair.GordianStateAwareCompositeKeyPair,54,4,6,0,18,2,5,1,2,1
GordianKnot Security Framework,io.github.tonywasher.joceanus.gordianknot.impl.core.keypair,GordianCompositeKeyPair,19,127,7,11,7,32,8,11,1,9
GordianKnot Security Framework,io.github.tonywasher.joceanus.gordianknot.impl.core.keypair,GordianCoreKeyPairAlgId.GordianPicnicEncodedParser,0,42,0,2,0,9,0,5,0,4
GordianKnot Security Framework,io.github.tonywasher.joceanus.gordianknot.impl.core.keypair,GordianCoreKeyPairAlgId.GordianNTRUPrimeEncodedParser,0,55,0,2,0,12,0,5,0,4
GordianKnot Security Framework,io.github.tonywasher.joceanus.gordianknot.impl.core.keypair,GordianCoreKeyPairGenerator,10,61,2,2,2,18,2,8,0,8
GordianKnot Security Framework,io.github.tonywasher.joceanus.gordianknot.impl.core.keypair,GordianKeyPairValidity,34,232,5,13,5,53,5,13,0,6
GordianKnot Security Framework,io.github.tonywasher.joceanus.gordianknot.impl.core.keypair,GordianCoreKeyPairAlgId,10,128,2,2,2,45,2,4,0,4
GordianKnot Security Framework,io.github.tonywasher.joceanus.gordianknot.impl.core.keypair,GordianCompositeKeyPairGenerator,41,343,2,18,11,75,3,16,1,8
GordianKnot Security Framework,io.github.tonywasher.joceanus.gordianknot.impl.jca.sign,JcaRSASignature,0,20,0,0,0,5,0,1,0,1
GordianKnot Security Framework,io.github.tonywasher.joceanus.gordianknot.impl.jca.sign,JcaDSASignature,0,20,0,0,0,5,0,1,0,1
GordianKnot Security Framework,io.github.tonywasher.joceanus.gordianknot.impl.jca.sign,JcaMLDSASignature,2,51,1,1,0,17,1,4,0,4
GordianKnot Security Framework,io.github.tonywasher.joceanus.gordianknot.impl.jca.sign,JcaXMSSSignature,0,89,0,2,0,27,0,5,0,4
GordianKnot Security Framework,io.github.tonywasher.joceanus.gordianknot.impl.jca.sign,JcaMayoSignature,0,10,0,0,0,3,0,1,0,1
GordianKnot Security Framework,io.github.tonywasher.joceanus.gordianknot.impl.jca.sign,JcaPicnicSignature,5,35,1,5,1,11,1,5,0,2
GordianKnot Security Framework,io.github.tonywasher.joceanus.gordianknot.impl.jca.sign,JcaFalconSignature,0,10,0,0,0,3,0,1,0,1
GordianKnot Security Framework,io.github.tonywasher.joceanus.gordianknot.impl.jca.sign,JcaLMSSignature,0,10,0,0,0,3,0,1,0,1
GordianKnot Security Framework,io.github.tonywasher.joceanus.gordianknot.impl.jca.sign,JcaSignatureFactory,8,257,2,49,2,53,2,43,0,8
GordianKnot Security Framework,io.github.tonywasher.joceanus.gordianknot.impl.jca.sign,JcaSignature,57,198,3,29,16,62,4,29,1,12
GordianKnot Security Framework,io.github.tonywasher.joceanus.gordianknot.impl.jca.sign,JcaSLHDSASignature,2,51,1,1,0,17,1,4,0,4
GordianKnot Security Framework,io.github.tonywasher.joceanus.gordianknot.impl.jca.sign,JcaEdDSASignature,0,55,0,2,0,18,0,5,0,4
GordianKnot Security Framework,io.github.tonywasher.joceanus.gordianknot.impl.jca.sign,JcaGOSTSignature,0,31,0,2,0,10,0,3,0,2
GordianKnot Security Framework,io.github.tonywasher.joceanus.gordianknot.impl.jca.sign,JcaSnovaSignature,0,10,0,0,0,3,0,1,0,1
GordianKnot Security Framework,SevenZip,LzmaBench.CProgressInfo,24,0,4,0,6,0,5,0,3,0
GordianKnot Security Framework,SevenZip,LzmaBench.MyOutputStream,41,0,2,0,11,0,5,0,4,0
GordianKnot Security Framework,SevenZip,LzmaBench.CRandomGenerator,44,0,0,0,3,0,3,0,3,0
GordianKnot Security Framework,SevenZip,LzmaBench,457,0,34,0,112,0,27,0,10,0
GordianKnot Security Framework,SevenZip,LzmaBench.CBenchRandomGenerator,173,0,16,0,30,0,16,0,8,0
GordianKnot Security Framework,SevenZip,LzmaBench.CrcOutStream,33,0,0,0,11,0,6,0,6,0
GordianKnot Security Framework,SevenZip,LzmaAlone.CommandLine,281,0,52,0,83,0,29,0,3,0
GordianKnot Security Framework,SevenZip,LzmaAlone,279,0,42,0,69,0,24,0,3,0
GordianKnot Security Framework,SevenZip,LzmaBench.CBitRandomGenerator,81,0,2,0,17,0,4,0,3,0
GordianKnot Security Framework,SevenZip,CRC,125,0,10,0,23,0,12,0,7,0
GordianKnot Security Framework,SevenZip,LzmaBench.MyInputStream,33,0,2,0,9,0,4,0,3,0
GordianKnot Security Framework,io.github.tonywasher.joceanus.gordianknot.impl.core.exc,GordianCryptoException,5,0,0,0,2,0,1,0,1,0
GordianKnot Security Framework,io.github.tonywasher.joceanus.gordianknot.impl.core.exc,GordianIOException,5,0,0,0,2,0,1,0,1,0
GordianKnot Security Framework,io.github.tonywasher.joceanus.gordianknot.impl.core.exc,GordianDataException,5,4,0,0,2,2,1,1,1,1
GordianKnot Security Framework,io.github.tonywasher.joceanus.gordianknot.impl.core.exc,GordianLogicException,0,4,0,0,0,2,0,1,0,1
GordianKnot Security Framework,io.github.tonywasher.joceanus.gordianknot.impl.core.spec.agree,GordianCoreAgreementSpecBuilder,0,303,1,12,0,63,1,18,0,10
GordianKnot Security Framework,io.github.tonywasher.joceanus.gordianknot.impl.core.spec.agree,GordianCoreAgreementKDF,29,181,12,38,7,34,10,33,2,12
GordianKnot Security Framework,io.github.tonywasher.joceanus.gordianknot.impl.core.spec.agree,GordianCoreAgreementSpec,22,201,11,25,5,41,12,21,1,14
GordianKnot Security Framework,io.github.tonywasher.joceanus.gordianknot.impl.core.spec.agree,GordianCoreAgreementType,29,188,11,30,9,46,9,35,2,19
GordianKnot Security Framework,io.github.tonywasher.joceanus.gordianknot.api.mac,GordianMac,6,0,0,0,2,0,1,0,1,0
GordianKnot Security Framework,io.github.tonywasher.joceanus.gordianknot.impl.jca,JcaFactory,0,29,0,0,0,7,0,6,0,6
GordianKnot Security Framework,io.github.tonywasher.joceanus.gordianknot.impl.jca,JcaAsyncFactory,0,24,0,0,0,6,0,5,0,5
GordianKnot Security Framework,io.github.tonywasher.joceanus.gordianknot.impl.jca,JcaValidator,6,64,4,16,3,18,4,13,0,7
GordianKnot Security Framework,io.github.tonywasher.joceanus.gordianknot.impl.core.spec.lock,GordianCorePasswordLockSpec,59,64,14,4,10,18,12,9,3,9
GordianKnot Security Framework,io.github.tonywasher.joceanus.gordianknot.impl.core.spec.lock,GordianCorePasswordLockSpecBuilder,8,25,0,0,2,7,2,5,2,5
GordianKnot Security Framework,io.github.tonywasher.joceanus.gordianknot.impl.core.spec.random,GordianCoreRandomSpecBuilder,6,148,0,6,2,39,2,12,2,9
GordianKnot Security Framework,io.github.tonywasher.joceanus.gordianknot.impl.core.spec.random,GordianCoreRandomSpec,78,133,20,17,14,30,18,14,4,9
GordianKnot Security Framework,io.github.tonywasher.joceanus.gordianknot.impl.core.spec.random,GordianCoreRandomType,42,59,11,3,11,11,10,7,4,6
GordianKnot Security Framework,io.github.tonywasher.joceanus.gordianknot.impl.core.zip,GordianCoreZipFileEntry,37,253,1,14,9,70,7,21,6,14
GordianKnot Security Framework,io.github.tonywasher.joceanus.gordianknot.impl.core.zip,GordianCoreZipLock,122,248,20,10,28,70,20,20,7,17
GordianKnot Security Framework,io.github.tonywasher.joceanus.gordianknot.impl.core.zip,GordianZipFileProperties,43,321,11,49,8,91,10,31,0,11
GordianKnot Security Framework,io.github.tonywasher.joceanus.gordianknot.impl.core.zip,GordianCoreZipFactory,57,118,1,5,12,24,5,12,4,10
GordianKnot Security Framework,io.github.tonywasher.joceanus.gordianknot.impl.core.zip,GordianCoreZipReadFile,49,249,6,20,14,70,6,15,0,8
GordianKnot Security Framework,io.github.tonywasher.joceanus.gordianknot.impl.core.zip,GordianCoreZipWriteFile,47,320,6,18,13,81,8,13,2,7
GordianKnot Security Framework,io.github.tonywasher.joceanus.gordianknot.impl.core.zip,GordianCoreZipFileContents,32,203,11,11,12,55,8,14,0,11
GordianKnot Security Framework,io.github.tonywasher.joceanus.gordianknot.impl.core.zip,GordianZipFileProperties.Property,12,63,2,8,2,22,2,9,0,6
GordianKnot Security Framework,io.github.tonywasher.joceanus.gordianknot.impl.core.zip,GordianCoreZipWriteFile.GordianWrapOutputStream,10,24,0,0,4,9,2,4,2,4
GordianKnot Security Framework,io.github.tonywasher.joceanus.gordianknot.impl.core.zip,GordianZipLockASN1,83,175,16,9,15,51,12,15,2,11
GordianKnot Security Framework,io.github.tonywasher.joceanus.gordianknot.impl.jca.cipher,JcaAEADCipher.JcaSymAEADCipher,0,6,0,0,0,2,0,1,0,1
GordianKnot Security Framework,io.github.tonywasher.joceanus.gordianknot.impl.jca.cipher,JcaCipherFactory,44,432,7,89,10,115,7,71,0,17
GordianKnot Security Framework,io.github.tonywasher.joceanus.gordianknot.impl.jca.cipher,JcaCipher.JcaStreamCipher,0,6,0,0,0,2,0,1,0,1
GordianKnot Security Framework,io.github.tonywasher.joceanus.gordianknot.impl.jca.cipher,JcaAEADCipher.JcaStreamAEADCipher,0,6,0,0,0,2,0,1,0,1
GordianKnot Security Framework,io.github.tonywasher.joceanus.gordianknot.impl.jca.cipher,JcaAEADCipher,81,87,14,4,21,24,10,9,3,7
GordianKnot Security Framework,io.github.tonywasher.joceanus.gordianknot.impl.jca.cipher,JcaCipher,81,155,16,18,20,36,11,16,3,7
GordianKnot Security Framework,io.github.tonywasher.joceanus.gordianknot.impl.jca.cipher,JcaCipher.JcaSymCipher,0,6,0,0,0,2,0,1,0,1
GordianKnot Security Framework,io.github.tonywasher.joceanus.gordianknot.api.key,GordianKeyLengths,4,53,2,6,2,15,2,7,0,5
GordianKnot Security Framework,io.github.tonywasher.joceanus.gordianknot.impl.core.agree,GordianCoreAgreementBuilder,0,862,3,41,0,222,3,53,0,34
GordianKnot Security Framework,io.github.tonywasher.joceanus.gordianknot.impl.core.agree,GordianCoreAgreementAlgId,13,710,4,55,3,144,4,45,0,12
GordianKnot Security Framework,io.github.tonywasher.joceanus.gordianknot.impl.core.agree,GordianCoreAgreementFactory,88,372,15,36,19,90,15,42,4,26
GordianKnot Security Framework,io.github.tonywasher.joceanus.gordianknot.impl.core.agree,GordianCoreAgreementState,0,82,0,0,0,29,0,18,0,18
GordianKnot Security Framework,io.github.tonywasher.joceanus.gordianknot.impl.core.agree,GordianCoreAgreementMessageASN1,278,559,50,57,45,135,33,66,3,37
GordianKnot Security Framework,io.github.tonywasher.joceanus.gordianknot.impl.core.agree,GordianCoreAgreementEngine,20,170,3,8,4,45,4,28,1,24
GordianKnot Security Framework,io.github.tonywasher.joceanus.gordianknot.impl.core.agree,GordianCoreAgreementCalculator.GordianDerivationId,5,83,1,7,1,20,1,10,0,4
GordianKnot Security Framework,io.github.tonywasher.joceanus.gordianknot.impl.core.agree,GordianCoreAgreement,111,457,25,53,20,128,22,48,5,26
GordianKnot Security Framework,io.github.tonywasher.joceanus.gordianknot.impl.core.agree,GordianCoreAgreementParams,145,453,33,55,26,118,33,33,2,20
GordianKnot Security Framework,io.github.tonywasher.joceanus.gordianknot.impl.core.agree,GordianCoreAgreementComposite,11,499,2,58,2,114,2,35,0,7
GordianKnot Security Framework,io.github.tonywasher.joceanus.gordianknot.impl.core.agree,GordianCoreAgreementParticipant,0,82,0,2,0,28,0,19,0,18
GordianKnot Security Framework,io.github.tonywasher.joceanus.gordianknot.impl.core.agree,GordianCoreAgreementCache,10,55,2,2,2,14,2,5,0,5
GordianKnot Security Framework,io.github.tonywasher.joceanus.gordianknot.impl.core.agree,GordianCoreAgreementMessageASN1.GordianAgreementMessageType,6,57,1,3,1,11,1,5,0,4
GordianKnot Security Framework,io.github.tonywasher.joceanus.gordianknot.impl.core.agree,GordianCoreAgreementDerivation,12,266,3,13,3,56,3,21,0,13
GordianKnot Security Framework,io.github.tonywasher.joceanus.gordianknot.impl.core.agree,GordianCoreAgreementCalculator,20,344,5,15,6,79,5,15,0,10
GordianKnot Security Framework,io.github.tonywasher.joceanus.gordianknot.impl.core.agree,GordianCoreAgreementDerivation.GordianCoreNullKeyDerivation,0,27,0,0,0,7,0,3,0,3
GordianKnot Security Framework,io.github.tonywasher.joceanus.gordianknot.impl.core.sign,GordianCoreSignParamsBuilder,6,10,0,0,1,2,1,2,1,2
GordianKnot Security Framework,io.github.tonywasher.joceanus.gordianknot.impl.core.sign,GordianCoreSignatureFactory,44,451,13,87,13,119,17,60,4,15
GordianKnot Security Framework,io.github.tonywasher.joceanus.gordianknot.impl.core.sign,GordianCoreSignParams,6,20,2,2,0,6,2,3,0,3
GordianKnot Security Framework,io.github.tonywasher.joceanus.gordianknot.impl.core.sign,GordianCompositeSigner,55,202,7,15,14,48,8,13,3,7
GordianKnot Security Framework,io.github.tonywasher.joceanus.gordianknot.impl.core.sign,GordianCoreSignature.GordianSignatureMode,0,15,0,0,0,3,0,1,0,1
GordianKnot Security Framework,io.github.tonywasher.joceanus.gordianknot.impl.core.sign,GordianCoreSignatureAlgId,2,1518,1,41,1,228,1,45,0,25
GordianKnot Security Framework,io.github.tonywasher.joceanus.gordianknot.impl.core.sign,GordianCoreSignature,27,92,6,4,5,29,6,11,1,11
GordianKnot Security Framework,io.github.tonywasher.joceanus.gordianknot.impl.jca.encrypt,JcaEncryptor,7,4,0,0,2,1,0,1,0,1
GordianKnot Security Framework,io.github.tonywasher.joceanus.gordianknot.impl.jca.encrypt,JcaHybridEncryptor,21,103,0,5,6,27,0,12,0,9
GordianKnot Security Framework,io.github.tonywasher.joceanus.gordianknot.impl.jca.encrypt,JcaBlockEncryptor,21,168,0,8,6,47,0,15,0,10
GordianKnot Security Framework,io.github.tonywasher.joceanus.gordianknot.impl.jca.encrypt,JcaEncryptorFactory,7,72,2,11,1,16,2,10,0,4
GordianKnot Security Framework,io.github.tonywasher.joceanus.gordianknot.impl.core.kdf,GordianHKDFMulti,10,93,2,8,2,16,2,5,0,2
GordianKnot Security Framework,io.github.tonywasher.joceanus.gordianknot.impl.core.kdf,GordianHKDFMode,0,35,0,4,0,10,0,5,0,3
GordianKnot Security Framework,io.github.tonywasher.joceanus.gordianknot.impl.core.kdf,GordianHKDFEngine,5,180,2,20,1,50,2,13,0,4
GordianKnot Security Framework,io.github.tonywasher.joceanus.gordianknot.impl.core.kdf,GordianHKDFParams,10,188,8,24,2,40,8,22,0,14
GordianKnot Security Framework,io.github.tonywasher.joceanus.gordianknot.impl.core.spec.digest,GordianCoreDigestSubSpec.GordianCoreDigestState,35,311,18,59,12,74,16,52,1,22
GordianKnot Security Framework,io.github.tonywasher.joceanus.gordianknot.impl.core.spec.digest,GordianDigestResource,0,234,0,2,0,39,0,6,0,5
GordianKnot Security Framework,io.github.tonywasher.joceanus.gordianknot.impl.core.spec.digest,GordianCoreDigestSpecBuilder,5,198,1,19,1,39,1,17,0,8
GordianKnot Security Framework,io.github.tonywasher.joceanus.gordianknot.impl.core.spec.digest,GordianCoreDigestSubSpec,4,92,3,20,2,19,3,14,0,2
GordianKnot Security Framework,io.github.tonywasher.joceanus.gordianknot.impl.core.spec.digest,GordianCoreDigestSpec,23,399,13,73,4,65,13,49,0,15
GordianKnot Security Framework,io.github.tonywasher.joceanus.gordianknot.impl.core.spec.digest,GordianCoreDigestType,18,411,8,61,4,81,8,66,0,19
GordianKnot Security Framework,io.github.tonywasher.joceanus.gordianknot.api.encrypt,GordianEncryptorFactory,0,15,0,0,0,5,0,2,0,2
GordianKnot Security Framework,io.github.tonywasher.joceanus.gordianknot.impl.core.keyset,GordianMultiCipher,27,799,4,48,5,181,4,41,0,19
GordianKnot Security Framework,io.github.tonywasher.joceanus.gordianknot.impl.core.keyset,GordianKeySetWrapper,0,129,0,6,0,22,0,7,0,4
GordianKnot Security Framework,io.github.tonywasher.joceanus.gordianknot.impl.core.keyset,GordianKeySetSpecASN1,56,102,11,3,12,26,9,8,2,8
GordianKnot Security Framework,io.github.tonywasher.joceanus.gordianknot.impl.core.keyset,GordianCoreKeySetFactory,9,69,4,4,3,21,4,9,0,9
GordianKnot Security Framework,io.github.tonywasher.joceanus.gordianknot.impl.core.keyset,GordianCoreKeySetCipher,47,321,13,25,9,77,12,26,1,18
GordianKnot Security Framework,io.github.tonywasher.joceanus.gordianknot.impl.core.keyset,GordianKeySetASN1,67,256,13,11,13,56,10,10,2,6
GordianKnot Security Framework,io.github.tonywasher.joceanus.gordianknot.impl.core.keyset,GordianKeySetData,0,23,0,0,0,6,0,3,0,3
GordianKnot Security Framework,io.github.tonywasher.joceanus.gordianknot.impl.core.keyset,GordianKeySetRecipe,5,96,1,1,1,20,1,7,0,7
GordianKnot Security Framework,io.github.tonywasher.joceanus.gordianknot.impl.core.keyset,GordianKeySetRecipe.GordianKeySetParameters,0,119,0,4,0,30,0,11,0,9
GordianKnot Security Framework,io.github.tonywasher.joceanus.gordianknot.impl.core.keyset,GordianCoreKeySet,191,634,22,22,42,133,24,34,6,30
GordianKnot Security Framework,io.github.tonywasher.joceanus.gordianknot.impl.core.keyset,GordianSymKeyCipherSet,0,51,0,0,0,13,0,5,0,5
GordianKnot Security Framework,io.github.tonywasher.joceanus.gordianknot.impl.core.keyset,GordianCoreKeySetAADCipher,98,455,9,19,22,110,10,24,4,16
GordianKnot Security Framework,io.github.tonywasher.joceanus.gordianknot.impl.bc,BouncyAsyncFactory,0,24,0,0,0,6,0,5,0,5
GordianKnot Security Framework,io.github.tonywasher.joceanus.gordianknot.impl.bc,BouncyFactory,0,25,0,0,0,6,0,5,0,5
GordianKnot Security Framework,io.github.tonywasher.joceanus.gordianknot.api.base,GordianConsumer,2,9,1,1,0,2,1,1,0,1
GordianKnot Security Framework,io.github.tonywasher.joceanus.gordianknot.api.base,GordianLength,0,205,0,0,0,33,0,5,0,5
GordianKnot Security Framework,io.github.tonywasher.joceanus.gordianknot.api.base,GordianRequired,7,42,2,6,1,7,2,7,1,4
GordianKnot Security Framework,io.github.tonywasher.joceanus.gordianknot.api.base,GordianException,36,10,0,0,14,4,5,1,5,1
GordianKnot Security Framework,io.github.tonywasher.joceanus.gordianknot.impl.bc.mac,BouncyMac,4,139,2,10,2,36,3,13,1,9
GordianKnot Security Framework,io.github.tonywasher.joceanus.gordianknot.impl.bc.mac,BouncyHMac,16,305,1,17,4,53,3,15,2,7
GordianKnot Security Framework,io.github.tonywasher.joceanus.gordianknot.impl.bc.mac,BouncyMacXof,0,30,0,0,0,6,0,4,0,4
GordianKnot Security Framework,io.github.tonywasher.joceanus.gordianknot.impl.bc.mac,BouncyMacFactory,6,368,1,34,1,71,1,45,0,21
GordianKnot Security Framework,io.github.tonywasher.joceanus.gordianknot.impl.core.lock,GordianLockData,0,13,0,0,0,3,0,1,0,1
GordianKnot Security Framework,io.github.tonywasher.joceanus.gordianknot.impl.core.lock,GordianPasswordLockRecipe,5,502,1,5,1,124,1,7,0,5
GordianKnot Security Framework,io.github.tonywasher.joceanus.gordianknot.impl.core.lock,GordianFactoryLockImpl,55,115,13,3,10,32,10,8,2,8
GordianKnot Security Framework,io.github.tonywasher.joceanus.gordianknot.impl.core.lock,GordianKeyPairLockImpl,69,231,14,6,17,55,15,8,6,7
GordianKnot Security Framework,io.github.tonywasher.joceanus.gordianknot.impl.core.lock,GordianPasswordLockRecipe.GordianPasswordLockParams,0,113,0,0,0,29,0,9,0,9
GordianKnot Security Framework,io.github.tonywasher.joceanus.gordianknot.impl.core.lock,GordianKeyPairLockASN1,67,63,13,3,13,20,10,6,2,6
GordianKnot Security Framework,io.github.tonywasher.joceanus.gordianknot.impl.core.lock,GordianKeySetLockImpl,49,107,12,2,10,30,9,7,2,7
GordianKnot Security Framework,io.github.tonywasher.joceanus.gordianknot.impl.core.lock,GordianPasswordLockASN1,76,114,15,7,16,31,11,10,2,8
GordianKnot Security Framework,io.github.tonywasher.joceanus.gordianknot.impl.core.lock,GordianCoreLockFactory,49,163,4,6,12,32,9,16,5,15
GordianKnot Security Framework,io.github.tonywasher.joceanus.gordianknot.impl.core.lock,GordianPasswordLockSpecASN1,56,85,11,3,12,23,9,6,2,6
GordianKnot Security Framework,SevenZip.Compression.LZMA,Base,3,54,0,14,1,14,1,14,1,7
GordianKnot Security Framework,SevenZip.Compression.LZMA,Decoder.LenDecoder,0,121,0,8,0,23,0,8,0,4
GordianKnot Security Framework,SevenZip.Compression.LZMA,Encoder.LenPriceTableEncoder,0,72,0,4,0,15,0,8,0,6
GordianKnot Security Framework,SevenZip.Compression.LZMA,Encoder.LenEncoder,2,220,2,16,2,40,2,11,0,4
GordianKnot Security Framework,SevenZip.Compression.LZMA,Decoder,16,546,13,39,6,123,12,20,0,6
GordianKnot Security Framework,SevenZip.Compression.LZMA,Encoder.Optimal,0,24,0,2,0,4,0,5,0,4
GordianKnot Security Framework,SevenZip.Compression.LZMA,Encoder.LiteralEncoder.Encoder2,0,169,0,16,0,38,0,13,0,5
GordianKnot Security Framework,SevenZip.Compression.LZMA,Decoder.LiteralDecoder.Decoder2,0,83,1,7,0,18,1,7,0,4
GordianKnot Security Framework,SevenZip.Compression.LZMA,Decoder.LiteralDecoder,9,88,5,5,1,15,3,6,0,4
GordianKnot Security Framework,SevenZip.Compression.LZMA,Encoder.LiteralEncoder,9,88,5,5,1,15,3,6,0,4
GordianKnot Security Framework,SevenZip.Compression.LZMA,Encoder,211,3338,56,248,49,635,43,144,7,28
GordianKnot Security Framework,io.github.tonywasher.joceanus.gordianknot.impl.core.spec.encrypt,GordianCoreSM2EncryptionSpec,20,124,13,15,5,26,13,11,0,9
GordianKnot Security Framework,io.github.tonywasher.joceanus.gordianknot.impl.core.spec.encrypt,GordianCoreEncryptorSpec,37,277,23,42,10,58,23,28,0,15
GordianKnot Security Framework,io.github.tonywasher.joceanus.gordianknot.impl.core.spec.encrypt,GordianCoreEncryptorSpecBuilder,3,263,0,8,1,50,1,15,1,10
GordianKnot Security Framework,io.github.tonywasher.joceanus.gordianknot.impl.ext.digests,GordianBlake2Tree,72,274,9,17,16,63,12,14,3,10
GordianKnot Security Framework,io.github.tonywasher.joceanus.gordianknot.impl.ext.digests,GordianSkeinBase.Parameter,0,15,0,0,0,6,0,3,0,3
GordianKnot Security Framework,io.github.tonywasher.joceanus.gordianknot.impl.ext.digests,GordianJHDigest.GordianJHFastDigest,47,9152,12,92,6,207,11,71,0,24
GordianKnot Security Framework,io.github.tonywasher.joceanus.gordianknot.impl.ext.digests,GordianKangarooDigest.GordianKangarooBase,10,458,4,28,2,100,4,30,0,18
GordianKnot Security Framework,io.github.tonywasher.joceanus.gordianknot.impl.ext.digests,GordianJHDigest,0,93,0,0,0,25,0,11,0,11
GordianKnot Security Framework,io.github.tonywasher.joceanus.gordianknot.impl.ext.digests,GordianSkeinBase.UBI,0,224,0,10,0,45,0,12,0,7
GordianKnot Security Framework,io.github.tonywasher.joceanus.gordianknot.impl.ext.digests,GordianSkeinXof,38,378,7,25,5,84,6,26,0,16
GordianKnot Security Framework,io.github.tonywasher.joceanus.gordianknot.impl.ext.digests,GordianSkeinBase,94,936,18,50,16,165,15,49,0,30
GordianKnot Security Framework,io.github.tonywasher.joceanus.gordianknot.impl.ext.digests,GordianBlake2sDigest,45,542,7,23,6,80,7,27,0,19
GordianKnot Security Framework,io.github.tonywasher.joceanus.gordianknot.impl.ext.digests,GordianCubeHashDigest,0,638,0,36,0,99,0,37,0,19
GordianKnot Security Framework,io.github.tonywasher.joceanus.gordianknot.impl.ext.digests,GordianBlake2Tree.SimpleVector.new Enumeration() {...},5,34,1,3,1,4,1,4,0,3
GordianKnot Security Framework,io.github.tonywasher.joceanus.gordianknot.impl.ext.digests,GordianGroestlDigest,0,93,0,0,0,25,0,11,0,11
GordianKnot Security Framework,io.github.tonywasher.joceanus.gordianknot.impl.ext.digests,GordianKangarooDigest.GordianMarsupilamiFourteen,4,11,0,0,2,3,1,2,1,2
GordianKnot Security Framework,io.github.tonywasher.joceanus.gordianknot.impl.ext.digests,GordianKangarooDigest.GordianKangarooTwelve,0,15,0,0,0,5,0,3,0,3
GordianKnot Security Framework,io.github.tonywasher.joceanus.gordianknot.impl.ext.digests,GordianBlake3Digest,33,1379,9,69,6,252,8,68,0,37
GordianKnot Security Framework,io.github.tonywasher.joceanus.gordianknot.impl.ext.digests,GordianSkeinTree.TreeConfiguration,0,22,0,0,0,6,0,1,0,1
GordianKnot Security Framework,io.github.tonywasher.joceanus.gordianknot.impl.ext.digests,GordianSkeinTree.SimpleVector,31,106,5,9,5,24,5,12,0,10
GordianKnot Security Framework,io.github.tonywasher.joceanus.gordianknot.impl.ext.digests,GordianBlake2Tree.GordianBlake2TreeStore,40,420,11,45,8,91,11,28,0,11
GordianKnot Security Framework,io.github.tonywasher.joceanus.gordianknot.impl.ext.digests,GordianBlake2Xof,29,484,7,25,4,104,6,25,0,15
GordianKnot Security Framework,io.github.tonywasher.joceanus.gordianknot.impl.ext.digests,GordianGroestlDigest.GordianGroestlFastDigest,93,10391,7,70,10,306,7,56,0,24
GordianKnot Security Framework,io.github.tonywasher.joceanus.gordianknot.impl.ext.digests,GordianKangarooDigest.GordianKangarooSponge,5,1195,1,23,1,210,1,20,0,9
GordianKnot Security Framework,io.github.tonywasher.joceanus.gordianknot.impl.ext.digests,GordianSkeinBase.Configuration,0,45,0,0,0,11,0,2,0,2
GordianKnot Security Framework,io.github.tonywasher.joceanus.gordianknot.impl.ext.digests,GordianSkeinTree,67,340,13,21,13,78,15,17,2,13
GordianKnot Security Framework,io.github.tonywasher.joceanus.gordianknot.impl.ext.digests,GordianSkeinBase.UbiTweak,158,159,12,8,19,33,14,10,5,9
GordianKnot Security Framework,io.github.tonywasher.joceanus.gordianknot.impl.ext.digests,GordianSkeinTree.SimpleVector.new Enumeration() {...},5,34,1,3,1,4,1,4,0,3
GordianKnot Security Framework,io.github.tonywasher.joceanus.gordianknot.impl.ext.digests,GordianBlake2bDigest,37,558,6,24,5,80,6,28,0,19
GordianKnot Security Framework,io.github.tonywasher.joceanus.gordianknot.impl.ext.digests,GordianBlake2Base,102,1370,27,57,20,156,25,52,0,35
GordianKnot Security Framework,io.github.tonywasher.joceanus.gordianknot.impl.ext.digests,GordianBlake2Tree.SimpleVector,31,106,5,9,5,24,5,12,0,10
GordianKnot Security Framework,io.github.tonywasher.joceanus.gordianknot.impl.ext.digests,GordianSkeinTree.GordianSkeinTreeStore,40,404,11,39,8,83,11,25,0,11
GordianKnot Security Framework,io.github.tonywasher.joceanus.gordianknot.impl.ext.digests,GordianSkeinDigest,0,87,0,0,0,24,0,13,0,13
GordianKnot Security Framework,io.github.tonywasher.joceanus.gordianknot.impl.core.spec.keyset,GordianCoreKeySetSpecBuilder,0,19,0,0,0,4,0,4,0,4
GordianKnot Security Framework,io.github.tonywasher.joceanus.gordianknot.impl.core.spec.keyset,GordianCoreKeySetSpec,30,79,9,9,5,22,11,9,2,9
GordianKnot Security Framework,io.github.tonywasher.joceanus.gordianknot.impl.ext.params,GordianSkeinParameters.GordianSkeinParametersBuilder,30,86,0,2,5,24,5,8,5,7
GordianKnot Security Framework,io.github.tonywasher.joceanus.gordianknot.impl.ext.params,GordianBlake2Parameters,0,27,0,0,0,8,0,8,0,8
GordianKnot Security Framework,io.github.tonywasher.joceanus.gordianknot.impl.ext.params,GordianKeccakParameters.GordianKeccakParametersBuilder,10,25,1,3,3,8,2,4,1,3
GordianKnot Security Framework,io.github.tonywasher.joceanus.gordianknot.impl.ext.params,GordianBlake3Parameters,15,39,3,3,4,11,4,5,1,5
GordianKnot Security Framework,io.github.tonywasher.joceanus.gordianknot.impl.ext.params,GordianKeccakParameters,4,7,0,0,1,2,1,2,1,2
GordianKnot Security Framework,io.github.tonywasher.joceanus.gordianknot.impl.ext.params,GordianSkeinParameters,0,15,0,0,0,5,0,5,0,5
GordianKnot Security Framework,io.github.tonywasher.joceanus.gordianknot.impl.ext.params,GordianBlake2Parameters.GordianBlake2ParametersBuilder,10,78,1,5,3,24,2,8,1,6
GordianKnot Security Framework,io.github.tonywasher.joceanus.gordianknot.impl.jca.keypair,JcaKeyPair,19,55,6,4,5,14,6,7,1,7
GordianKnot Security Framework,io.github.tonywasher.joceanus.gordianknot.impl.jca.keypair,JcaMLDSAKeyPairGenerator,9,29,1,1,2,8,1,1,0,1
GordianKnot Security Framework,io.github.tonywasher.joceanus.gordianknot.impl.jca.keypair,JcaSABERKeyPairGenerator,7,23,0,0,2,7,0,1,0,1
GordianKnot Security Framework,io.github.tonywasher.joceanus.gordianknot.impl.jca.keypair,JcaSnovaKeyPairGenerator,7,23,0,0,2,7,0,1,0,1
GordianKnot Security Framework,io.github.tonywasher.joceanus.gordianknot.impl.jca.keypair,JcaKeyPairFactory,14,227,2,29,2,39,2,28,0,3
GordianKnot Security Framework,io.github.tonywasher.joceanus.gordianknot.impl.jca.keypair,JcaKeyPairGenerator,28,155,0,4,8,40,0,18,0,16
GordianKnot Security Framework,io.github.tonywasher.joceanus.gordianknot.impl.jca.keypair,JcaKeyPair.JcaDHPrivateKey,21,48,6,6,4,10,7,3,1,3
GordianKnot Security Framework,io.github.tonywasher.joceanus.gordianknot.impl.jca.keypair,JcaCMCEKeyPairGenerator,7,23,0,0,2,7,0,1,0,1
GordianKnot Security Framework,io.github.tonywasher.joceanus.gordianknot.impl.jca.keypair,JcaKeyPair.JcaStateAwareKeyPair,14,9,0,0,2,3,2,2,2,2
GordianKnot Security Framework,io.github.tonywasher.joceanus.gordianknot.impl.jca.keypair,JcaNewHopeKeyPairGenerator,0,16,0,0,0,4,0,1,0,1
GordianKnot Security Framework,io.github.tonywasher.joceanus.gordianknot.impl.jca.keypair,JcaNTRUPlusKeyPairGenerator,7,23,0,0,2,7,0,1,0,1
GordianKnot Security Framework,io.github.tonywasher.joceanus.gordianknot.impl.jca.keypair,JcaXMSSKeyPairGenerator,19,43,1,1,4,12,1,1,0,1
GordianKnot Security Framework,io.github.tonywasher.joceanus.gordianknot.impl.jca.keypair,JcaDHKeyPairGenerator,7,46,0,0,2,11,0,3,0,3
GordianKnot Security Framework,io.github.tonywasher.joceanus.gordianknot.impl.jca.keypair,JcaMLKEMKeyPairGenerator,7,23,0,0,2,7,0,1,0,1
GordianKnot Security Framework,io.github.tonywasher.joceanus.gordianknot.impl.jca.keypair,JcaKeyPairGenerator.JcaStateAwareKeyPairGenerator,7,69,0,0,2,14,0,4,0,4
GordianKnot Security Framework,io.github.tonywasher.joceanus.gordianknot.impl.jca.keypair,JcaKeyPair.JcaPublicKey,19,39,4,6,3,10,5,4,1,3
GordianKnot Security Framework,io.github.tonywasher.joceanus.gordianknot.impl.jca.keypair,JcaHQCKeyPairGenerator,7,23,0,0,2,7,0,1,0,1
GordianKnot Security Framework,io.github.tonywasher.joceanus.gordianknot.impl.jca.keypair,JcaNTRULPrimeKeyPairGenerator,7,24,0,0,2,7,0,1,0,1
GordianKnot Security Framework,io.github.tonywasher.joceanus.gordianknot.impl.jca.keypair,JcaEdKeyPairGenerator,14,57,1,6,2,16,1,4,0,1
GordianKnot Security Framework,io.github.tonywasher.joceanus.gordianknot.impl.jca.keypair,JcaSLHDSAKeyPairGenerator,9,29,1,1,2,8,1,1,0,1
GordianKnot Security Framework,io.github.tonywasher.joceanus.gordianknot.impl.jca.keypair,JcaKeyPair.JcaPrivateKey,21,37,5,5,4,9,6,3,1,3
GordianKnot Security Framework,io.github.tonywasher.joceanus.gordianknot.impl.jca.keypair,JcaElGamalKeyPairGenerator,7,33,0,0,2,9,0,1,0,1
GordianKnot Security Framework,io.github.tonywasher.joceanus.gordianknot.impl.jca.keypair,JcaLMSKeyPairGenerator,7,50,0,0,2,13,0,2,0,2
GordianKnot Security Framework,io.github.tonywasher.joceanus.gordianknot.impl.jca.keypair,JcaNTRUKeyPairGenerator,7,23,0,0,2,7,0,1,0,1
GordianKnot Security Framework,io.github.tonywasher.joceanus.gordianknot.impl.jca.keypair,JcaPicnicKeyPairGenerator,7,23,0,0,2,7,0,1,0,1
GordianKnot Security Framework,io.github.tonywasher.joceanus.gordianknot.impl.jca.keypair,JcaSNTRUPrimeKeyPairGenerator,31,0,0,0,9,0,1,0,1,0
GordianKnot Security Framework,io.github.tonywasher.joceanus.gordianknot.impl.jca.keypair,JcaKeyPair.JcaDHPublicKey,19,50,5,7,3,11,6,4,1,3
GordianKnot Security Framework,io.github.tonywasher.joceanus.gordianknot.impl.jca.keypair,JcaFalconKeyPairGenerator,7,23,0,0,2,7,0,1,0,1
GordianKnot Security Framework,io.github.tonywasher.joceanus.gordianknot.impl.jca.keypair,JcaDSAKeyPairGenerator,0,22,0,0,0,6,0,1,0,1
GordianKnot Security Framework,io.github.tonywasher.joceanus.gordianknot.impl.jca.keypair,JcaMayoKeyPairGenerator,7,23,0,0,2,7,0,1,0,1
GordianKnot Security Framework,io.github.tonywasher.joceanus.gordianknot.impl.jca.keypair,JcaECKeyPairGenerator,9,42,0,3,2,12,0,4,0,2
GordianKnot Security Framework,io.github.tonywasher.joceanus.gordianknot.impl.jca.keypair,JcaBIKEKeyPairGenerator,7,23,0,0,2,7,0,1,0,1
GordianKnot Security Framework,io.github.tonywasher.joceanus.gordianknot.impl.jca.keypair,JcaRSAKeyPairGenerator,0,20,0,0,0,5,0,1,0,1
GordianKnot Security Framework,io.github.tonywasher.joceanus.gordianknot.impl.jca.keypair,JcaKeyPair.JcaStateAwarePrivateKey,97,38,17,5,18,9,14,3,3,3
GordianKnot Security Framework,io.github.tonywasher.joceanus.gordianknot.impl.jca.keypair,JcaFrodoKeyPairGenerator,7,23,0,0,2,7,0,1,0,1
GordianKnot Security Framework,io.github.tonywasher.joceanus.gordianknot.impl.core.spec.cipher,GordianCoreSymKeySpec,18,171,8,26,4,40,8,22,0,11
GordianKnot Security Framework,io.github.tonywasher.joceanus.gordianknot.impl.core.spec.cipher,GordianCoreStreamCipherSpec,20,124,11,19,4,27,10,17,0,12
GordianKnot Security Framework,io.github.tonywasher.joceanus.gordianknot.impl.core.spec.cipher,GordianCoreSymKeyType,41,439,19,108,13,91,19,88,0,21
GordianKnot Security Framework,io.github.tonywasher.joceanus.gordianknot.impl.core.spec.cipher,GordianCorePBESpec.GordianCorePBESCryptSpec,69,78,21,7,13,17,16,6,2,6
GordianKnot Security Framework,io.github.tonywasher.joceanus.gordianknot.impl.core.spec.cipher,GordianCoreSymKeySpecBuilder,7,127,2,12,2,25,2,12,0,7
GordianKnot Security Framework,io.github.tonywasher.joceanus.gordianknot.impl.core.spec.cipher,GordianCorePBESpec.GordianCorePBEArgon2Spec,67,51,17,3,11,14,12,6,2,6
GordianKnot Security Framework,io.github.tonywasher.joceanus.gordianknot.impl.core.spec.cipher,GordianCoreSymCipherSpec,18,180,12,22,3,36,12,20,0,15
GordianKnot Security Framework,io.github.tonywasher.joceanus.gordianknot.impl.core.spec.cipher,GordianCipherResource,0,393,0,2,0,64,0,7,0,6
GordianKnot Security Framework,io.github.tonywasher.joceanus.gordianknot.impl.core.spec.cipher,GordianCoreStreamKeySpecBuilder,31,180,8,24,8,42,8,23,1,9
GordianKnot Security Framework,io.github.tonywasher.joceanus.gordianknot.impl.core.spec.cipher,GordianCoreCipherMode,24,153,8,23,6,36,5,28,1,15
GordianKnot Security Framework,io.github.tonywasher.joceanus.gordianknot.impl.core.spec.cipher,GordianCorePBESpec.GordianCorePBEDigestAndCountSpec,56,49,16,6,10,15,12,6,2,5
GordianKnot Security Framework,io.github.tonywasher.joceanus.gordianknot.impl.core.spec.cipher,GordianCorePBESpec,0,16,0,0,0,7,0,4,0,4
GordianKnot Security Framework,io.github.tonywasher.joceanus.gordianknot.impl.core.spec.cipher,GordianCoreStreamCipherSpecBuilder,3,80,0,4,1,22,1,9,1,7
GordianKnot Security Framework,io.github.tonywasher.joceanus.gordianknot.impl.core.spec.cipher,GordianCoreStreamKeySubType,40,226,14,53,15,72,14,53,1,17
GordianKnot Security Framework,io.github.tonywasher.joceanus.gordianknot.impl.core.spec.cipher,GordianCorePBESpecBuilder,3,38,0,0,1,8,1,6,1,6
GordianKnot Security Framework,io.github.tonywasher.joceanus.gordianknot.impl.core.spec.cipher,GordianCoreSymCipherSpecBuilder,3,119,0,8,1,27,1,12,1,8
GordianKnot Security Framework,io.github.tonywasher.joceanus.gordianknot.impl.core.spec.cipher,GordianCoreStreamKeyType,19,211,8,49,6,56,9,46,1,14
GordianKnot Security Framework,io.github.tonywasher.joceanus.gordianknot.impl.core.spec.cipher,GordianCoreStreamKeySpec,32,462,21,89,9,88,21,66,0,21
GordianKnot Security Framework,io.github.tonywasher.joceanus.gordianknot.api.digest.spec,GordianDigestSubSpec.GordianDigestState,0,27,0,0,0,5,0,1,0,1
GordianKnot Security Framework,io.github.tonywasher.joceanus.gordianknot.api.digest.spec,GordianDigestType,0,171,0,0,0,29,0,1,0,1
GordianKnot Security Framework,io.github.tonywasher.joceanus.gordianknot.api.digest.spec,GordianDigestSpecBuilder,110,189,0,2,17,29,17,27,17,26
GordianKnot Security Framework,io.github.tonywasher.joceanus.gordianknot.impl.bc.keypair,BouncyBIKEKeyPair.BouncyBIKEPublicKey,0,18,0,0,0,5,0,2,0,2
GordianKnot Security Framework,io.github.tonywasher.joceanus.gordianknot.impl.bc.keypair,BouncyDSAKeyPair.BouncyDSAKeyPairGenerator,0,65,0,0,0,13,0,3,0,3
GordianKnot Security Framework,io.github.tonywasher.joceanus.gordianknot.impl.bc.keypair,BouncyNTRULPrimeKeyPair.BouncyNTRULPrimePrivateKey,0,18,0,0,0,5,0,2,0,2
GordianKnot Security Framework,io.github.tonywasher.joceanus.gordianknot.impl.bc.keypair,BouncyKeyPair.BouncyPublicKey,19,38,4,6,3,10,5,4,1,3
GordianKnot Security Framework,io.github.tonywasher.joceanus.gordianknot.impl.bc.keypair,BouncyKeyPairGenerator,0,155,0,4,0,38,0,12,0,10
GordianKnot Security Framework,io.github.tonywasher.joceanus.gordianknot.impl.bc.keypair,BouncyXDHKeyPair.BouncyX25519PrivateKey,0,18,0,0,0,5,0,2,0,2
GordianKnot Security Framework,io.github.tonywasher.joceanus.gordianknot.impl.bc.keypair,BouncyDHKeyPair.BouncyDHKeyFactorySet,28,110,1,1,6,22,1,6,0,6
GordianKnot Security Framework,io.github.tonywasher.joceanus.gordianknot.impl.bc.keypair,BouncyEdDSAKeyPair.BouncyEd25519KeyPairGenerator,0,36,0,0,0,7,0,3,0,3
GordianKnot Security Framework,io.github.tonywasher.joceanus.gordianknot.impl.bc.keypair,BouncyDSTUKeyPair.BouncyDSTUKeyPairGenerator,20,269,1,1,5,55,1,10,0,10
GordianKnot Security Framework,io.github.tonywasher.joceanus.gordianknot.impl.bc.keypair,BouncyEdDSAKeyPair.BouncyEd448PrivateKey,0,18,0,0,0,5,0,2,0,2
GordianKnot Security Framework,io.github.tonywasher.joceanus.gordianknot.impl.bc.keypair,BouncySnovaKeyPair.BouncySnovaKeyPairGenerator,0,44,0,0,0,9,0,3,0,3
GordianKnot Security Framework,io.github.tonywasher.joceanus.gordianknot.impl.bc.keypair,BouncyXMSSKeyPair,12,13,2,2,2,3,2,2,0,1
GordianKnot Security Framework,io.github.tonywasher.joceanus.gordianknot.impl.bc.keypair,BouncyPicnicKeyPair.BouncyPicnicPublicKey,0,18,0,0,0,5,0,2,0,2
GordianKnot Security Framework,io.github.tonywasher.joceanus.gordianknot.impl.bc.keypair,BouncyXMSSKeyPair.BouncyXMSSMTPrivateKey,44,0,0,0,10,0,5,0,5,0
GordianKnot Security Framework,io.github.tonywasher.joceanus.gordianknot.impl.bc.keypair,BouncyXDHKeyPair.BouncyX25519KeyPairGenerator,0,36,0,0,0,7,0,3,0,3
GordianKnot Security Framework,io.github.tonywasher.joceanus.gordianknot.impl.bc.keypair,BouncyDHKeyPair.BouncyDHKeyPairGenerator,0,46,0,0,0,10,0,3,0,3
GordianKnot Security Framework,io.github.tonywasher.joceanus.gordianknot.impl.bc.keypair,BouncyEllipticKeyPair.BouncyECPublicKey,1,31,2,2,0,7,2,3,0,3
GordianKnot Security Framework,io.github.tonywasher.joceanus.gordianknot.impl.bc.keypair,BouncyBIKEKeyPair.BouncyBIKEKeyPairGenerator,0,44,0,0,0,9,0,3,0,3
GordianKnot Security Framework,io.github.tonywasher.joceanus.gordianknot.impl.bc.keypair,BouncySnovaKeyPair.BouncySnovaPrivateKey,0,18,0,0,0,5,0,2,0,2
GordianKnot Security Framework,io.github.tonywasher.joceanus.gordianknot.impl.bc.keypair,BouncyPicnicKeyPair.BouncyPicnicKeyPairGenerator,0,44,0,0,0,9,0,3,0,3
GordianKnot Security Framework,io.github.tonywasher.joceanus.gordianknot.impl.bc.keypair,BouncyEllipticKeyPair.BouncyECPrivateKey,1,31,2,2,0,7,2,3,0,3
GordianKnot Security Framework,io.github.tonywasher.joceanus.gordianknot.impl.bc.keypair,BouncyRSAKeyPair.BouncyRSAPublicKey,1,31,2,2,0,7,2,3,0,3
GordianKnot Security Framework,io.github.tonywasher.joceanus.gordianknot.impl.bc.keypair,BouncyDSAKeyPair.BouncyDSAPrivateKey,1,31,2,2,0,7,2,3,0,3
GordianKnot Security Framework,io.github.tonywasher.joceanus.gordianknot.impl.bc.keypair,BouncyPicnicKeyPair.BouncyPicnicPrivateKey,0,18,0,0,0,5,0,2,0,2
GordianKnot Security Framework,io.github.tonywasher.joceanus.gordianknot.impl.bc.keypair,BouncyFalconKeyPair.BouncyFalconPrivateKey,0,18,0,0,0,5,0,2,0,2
GordianKnot Security Framework,io.github.tonywasher.joceanus.gordianknot.impl.bc.keypair,BouncyMLDSAKeyPair.BouncyMLDSAPrivateKey,0,18,0,0,0,5,0,2,0,2
GordianKnot Security Framework,io.github.tonywasher.joceanus.gordianknot.impl.bc.keypair,BouncyNewHopeKeyPair.BouncyNewHopePrivateKey,0,18,0,0,0,5,0,2,0,2
GordianKnot Security Framework,io.github.tonywasher.joceanus.gordianknot.impl.bc.keypair,BouncySnovaKeyPair.BouncySnovaPublicKey,0,18,0,0,0,5,0,2,0,2
GordianKnot Security Framework,io.github.tonywasher.joceanus.gordianknot.impl.bc.keypair,BouncyNTRUKeyPair.BouncyNTRUPrivateKey,0,18,0,0,0,5,0,2,0,2
GordianKnot Security Framework,io.github.tonywasher.joceanus.gordianknot.impl.bc.keypair,BouncyGOSTKeyPair.BouncyGOSTKeyPairGenerator,0,68,0,0,0,14,0,3,0,3
GordianKnot Security Framework,io.github.tonywasher.joceanus.gordianknot.impl.bc.keypair,BouncyLMSKeyPair.BouncyHSSKeyPairGenerator,0,54,0,0,0,12,0,4,0,4
GordianKnot Security Framework,io.github.tonywasher.joceanus.gordianknot.impl.bc.keypair,BouncySNTRUPrimeKeyPair.BouncySNTRUPrimePrivateKey,18,0,0,0,5,0,2,0,2,0
GordianKnot Security Framework,io.github.tonywasher.joceanus.gordianknot.impl.bc.keypair,BouncyMLKEMKeyPair.BouncyMLKEMKeyPairGenerator,0,44,0,0,0,9,0,3,0,3
GordianKnot Security Framework,io.github.tonywasher.joceanus.gordianknot.impl.bc.keypair,BouncySLHDSAKeyPair.BouncySLHDSAKeyPairGenerator,0,44,0,0,0,9,0,3,0,3
GordianKnot Security Framework,io.github.tonywasher.joceanus.gordianknot.impl.bc.keypair,BouncyFrodoKeyPair.BouncyFrodoPublicKey,0,18,0,0,0,5,0,2,0,2
GordianKnot Security Framework,io.github.tonywasher.joceanus.gordianknot.impl.bc.keypair,BouncyKeyPairFactory,21,274,3,37,3,47,3,33,0,3
GordianKnot Security Framework,io.github.tonywasher.joceanus.gordianknot.impl.bc.keypair,BouncyMayoKeyPair.BouncyMayoPublicKey,0,18,0,0,0,5,0,2,0,2
GordianKnot Security Framework,io.github.tonywasher.joceanus.gordianknot.impl.bc.keypair,BouncyCMCEKeyPair.BouncyCMCEPrivateKey,0,18,0,0,0,5,0,2,0,2
GordianKnot Security Framework,io.github.tonywasher.joceanus.gordianknot.impl.bc.keypair,BouncyDSAKeyPair.BouncyDSAPublicKey,1,31,2,2,0,7,2,3,0,3
GordianKnot Security Framework,io.github.tonywasher.joceanus.gordianknot.impl.bc.keypair,BouncyXMSSKeyPair.BouncyXMSSKeyPairGenerator,0,59,0,0,0,12,0,4,0,4
GordianKnot Security Framework,io.github.tonywasher.joceanus.gordianknot.impl.bc.keypair,BouncyNTRUPlusKeyPair.BouncyNTRUPlusKeyPairGenerator,0,44,0,0,0,9,0,3,0,3
GordianKnot Security Framework,io.github.tonywasher.joceanus.gordianknot.impl.bc.keypair,BouncyEdDSAKeyPair.BouncyEd448KeyPairGenerator,0,36,0,0,0,7,0,3,0,3
GordianKnot Security Framework,io.github.tonywasher.joceanus.gordianknot.impl.bc.keypair,BouncySABERKeyPair.BouncySABERPublicKey,0,18,0,0,0,5,0,2,0,2
GordianKnot Security Framework,io.github.tonywasher.joceanus.gordianknot.impl.bc.keypair,BouncyXMSSKeyPair.BouncyXMSSMTPublicKey,28,0,0,0,8,0,3,0,3,0
GordianKnot Security Framework,io.github.tonywasher.joceanus.gordianknot.impl.bc.keypair,BouncyNewHopeKeyPair.BouncyNewHopeKeyPairGenerator,0,38,0,0,0,7,0,3,0,3
GordianKnot Security Framework,io.github.tonywasher.joceanus.gordianknot.impl.bc.keypair,BouncyFrodoKeyPair.BouncyFrodoPrivateKey,0,18,0,0,0,5,0,2,0,2
GordianKnot Security Framework,io.github.tonywasher.joceanus.gordianknot.impl.bc.keypair,BouncyFalconKeyPair.BouncyFalconKeyPairGenerator,0,44,0,0,0,9,0,3,0,3
GordianKnot Security Framework,io.github.tonywasher.joceanus.gordianknot.impl.bc.keypair,BouncyRSAKeyPair.BouncyRSAKeyPairGenerator,0,51,0,0,0,10,0,4,0,4
GordianKnot Security Framework,io.github.tonywasher.joceanus.gordianknot.impl.bc.keypair,BouncyElGamalKeyPair.BouncyElGamalKeyPairGenerator,0,54,0,0,0,11,0,3,0,3
GordianKnot Security Framework,io.github.tonywasher.joceanus.gordianknot.impl.bc.keypair,BouncyKeyPair.BouncyPrivateKey,21,36,5,5,4,9,6,3,1,3
GordianKnot Security Framework,io.github.tonywasher.joceanus.gordianknot.impl.bc.keypair,BouncyNTRUPlusKeyPair.BouncyNTRUPlusPublicKey,0,18,0,0,0,5,0,2,0,2
GordianKnot Security Framework,io.github.tonywasher.joceanus.gordianknot.impl.bc.keypair,BouncyXMSSKeyPair.BouncyXMSSMTKeyPairGenerator,62,0,0,0,13,0,4,0,4,0
GordianKnot Security Framework,io.github.tonywasher.joceanus.gordianknot.impl.bc.keypair,BouncyEdDSAKeyPair.BouncyEd25519PrivateKey,0,18,0,0,0,5,0,2,0,2
GordianKnot Security Framework,io.github.tonywasher.joceanus.gordianknot.impl.bc.keypair,BouncyElGamalKeyPair.BouncyElGamalKeyFactorySet,14,77,0,0,4,14,0,6,0,6
GordianKnot Security Framework,io.github.tonywasher.joceanus.gordianknot.impl.bc.keypair,BouncyMayoKeyPair.BouncyMayoKeyPairGenerator,0,44,0,0,0,9,0,3,0,3
GordianKnot Security Framework,io.github.tonywasher.joceanus.gordianknot.impl.bc.keypair,BouncyKeyPair,10,36,2,2,2,12,2,7,0,7
GordianKnot Security Framework,io.github.tonywasher.joceanus.gordianknot.impl.bc.keypair,BouncyRSAKeyPair.BouncyRSAPrivateKey,7,67,8,8,3,13,8,3,0,3
GordianKnot Security Framework,io.github.tonywasher.joceanus.gordianknot.impl.bc.keypair,BouncySLHDSAKeyPair.BouncySLHDSAPublicKey,0,18,0,0,0,5,0,2,0,2
GordianKnot Security Framework,io.github.tonywasher.joceanus.gordianknot.impl.bc.keypair,BouncyKeyPair.BouncyStateAwarePrivateKey,21,37,5,5,4,9,6,3,1,3
GordianKnot Security Framework,io.github.tonywasher.joceanus.gordianknot.impl.bc.keypair,BouncyXDHKeyPair.BouncyX25519PublicKey,0,18,0,0,0,5,0,2,0,2
GordianKnot Security Framework,io.github.tonywasher.joceanus.gordianknot.impl.bc.keypair,BouncyXMSSKeyPair.BouncyXMSSPublicKey,6,22,0,0,2,6,0,3,0,3
GordianKnot Security Framework,io.github.tonywasher.joceanus.gordianknot.impl.bc.keypair,BouncySABERKeyPair.BouncySABERKeyPairGenerator,0,44,0,0,0,9,0,3,0,3
GordianKnot Security Framework,io.github.tonywasher.joceanus.gordianknot.impl.bc.keypair,BouncyKeyPair.BouncyStateAwareKeyPair,14,9,0,0,2,3,2,2,2,2
GordianKnot Security Framework,io.github.tonywasher.joceanus.gordianknot.impl.bc.keypair,BouncyDHKeyPair.BouncyDHPublicKey,0,16,0,0,0,5,0,2,0,2
GordianKnot Security Framework,io.github.tonywasher.joceanus.gordianknot.impl.bc.keypair,BouncyHQCKeyPair.BouncyHQCKeyPairGenerator,0,44,0,0,0,9,0,3,0,3
GordianKnot Security Framework,io.github.tonywasher.joceanus.gordianknot.impl.bc.keypair,BouncyMLDSAKeyPair.BouncyMLDSAKeyPairGenerator,0,44,0,0,0,9,0,3,0,3
GordianKnot Security Framework,io.github.tonywasher.joceanus.gordianknot.impl.bc.keypair,BouncyNTRUKeyPair.BouncyNTRUKeyPairGenerator,0,44,0,0,0,9,0,3,0,3
GordianKnot Security Framework,io.github.tonywasher.joceanus.gordianknot.impl.bc.keypair,BouncyNTRUKeyPair.BouncyNTRUPublicKey,0,18,0,0,0,5,0,2,0,2
GordianKnot Security Framework,io.github.tonywasher.joceanus.gordianknot.impl.bc.keypair,BouncySLHDSAKeyPair.BouncySLHDSAPrivateKey,0,18,0,0,0,5,0,2,0,2
GordianKnot Security Framework,io.github.tonywasher.joceanus.gordianknot.impl.bc.keypair,BouncySNTRUPrimeKeyPair.BouncySNTRUPrimePublicKey,18,0,0,0,5,0,2,0,2,0
GordianKnot Security Framework,io.github.tonywasher.joceanus.gordianknot.impl.bc.keypair,BouncyMLKEMKeyPair.BouncyMLKEMPublicKey,0,18,0,0,0,5,0,2,0,2
GordianKnot Security Framework,io.github.tonywasher.joceanus.gordianknot.impl.bc.keypair,BouncyNTRULPrimeKeyPair.BouncyNTRULPrimeKeyPairGenerator,0,45,0,0,0,9,0,3,0,3
GordianKnot Security Framework,io.github.tonywasher.joceanus.gordianknot.impl.bc.keypair,BouncyElGamalKeyPair.BouncyElGamalPrivateKey,0,16,0,0,0,5,0,2,0,2
GordianKnot Security Framework,io.github.tonywasher.joceanus.gordianknot.impl.bc.keypair,BouncyElGamalKeyPair.BouncyElGamalPublicKey,0,16,0,0,0,5,0,2,0,2
GordianKnot Security Framework,io.github.tonywasher.joceanus.gordianknot.impl.bc.keypair,BouncySABERKeyPair.BouncySABERPrivateKey,0,18,0,0,0,5,0,2,0,2
GordianKnot Security Framework,io.github.tonywasher.joceanus.gordianknot.impl.bc.keypair,BouncyEllipticKeyPair.BouncyECKeyPairGenerator,9,73,2,2,1,16,2,3,0,3
GordianKnot Security Framework,io.github.tonywasher.joceanus.gordianknot.impl.bc.keypair,BouncyLMSKeyPair.BouncyHSSPublicKey,0,16,0,0,0,5,0,2,0,2
GordianKnot Security Framework,io.github.tonywasher.joceanus.gordianknot.impl.bc.keypair,BouncyFalconKeyPair.BouncyFalconPublicKey,0,18,0,0,0,5,0,2,0,2
GordianKnot Security Framework,io.github.tonywasher.joceanus.gordianknot.impl.bc.keypair,BouncyLMSKeyPair.BouncyHSSPrivateKey,16,16,0,0,2,5,2,2,2,2
GordianKnot Security Framework,io.github.tonywasher.joceanus.gordianknot.impl.bc.keypair,BouncyBIKEKeyPair.BouncyBIKEPrivateKey,0,18,0,0,0,5,0,2,0,2
GordianKnot Security Framework,io.github.tonywasher.joceanus.gordianknot.impl.bc.keypair,BouncyNTRUPlusKeyPair.BouncyNTRUPlusPrivateKey,0,18,0,0,0,5,0,2,0,2
GordianKnot Security Framework,io.github.tonywasher.joceanus.gordianknot.impl.bc.keypair,BouncyMLKEMKeyPair.BouncyMLKEMPrivateKey,0,18,0,0,0,5,0,2,0,2
GordianKnot Security Framework,io.github.tonywasher.joceanus.gordianknot.impl.bc.keypair,BouncyDHKeyPair.BouncyDHPrivateKey,0,16,0,0,0,5,0,2,0,2
GordianKnot Security Framework,io.github.tonywasher.joceanus.gordianknot.impl.bc.keypair,BouncyEdDSAKeyPair.BouncyEd25519PublicKey,0,18,0,0,0,5,0,2,0,2
GordianKnot Security Framework,io.github.tonywasher.joceanus.gordianknot.impl.bc.keypair,BouncyFrodoKeyPair.BouncyFrodoKeyPairGenerator,0,44,0,0,0,9,0,3,0,3
GordianKnot Security Framework,io.github.tonywasher.joceanus.gordianknot.impl.bc.keypair,BouncyStdKeyFactorySet,28,42,0,0,8,10,0,5,0,5
GordianKnot Security Framework,io.github.tonywasher.joceanus.gordianknot.impl.bc.keypair,BouncyCMCEKeyPair.BouncyCMCEKeyPairGenerator,0,44,0,0,0,9,0,3,0,3
GordianKnot Security Framework,io.github.tonywasher.joceanus.gordianknot.impl.bc.keypair,BouncyMayoKeyPair.BouncyMayoPrivateKey,0,18,0,0,0,5,0,2,0,2
GordianKnot Security Framework,io.github.tonywasher.joceanus.gordianknot.impl.bc.keypair,BouncyXDHKeyPair.BouncyX448PrivateKey,0,18,0,0,0,5,0,2,0,2
GordianKnot Security Framework,io.github.tonywasher.joceanus.gordianknot.impl.bc.keypair,BouncyHQCKeyPair.BouncyHQCPrivateKey,0,18,0,0,0,5,0,2,0,2
GordianKnot Security Framework,io.github.tonywasher.joceanus.gordianknot.impl.bc.keypair,BouncyPqKeyFactorySet,28,42,0,0,8,10,0,5,0,5
GordianKnot Security Framework,io.github.tonywasher.joceanus.gordianknot.impl.bc.keypair,BouncyNewHopeKeyPair.BouncyNewHopePublicKey,0,18,0,0,0,5,0,2,0,2
GordianKnot Security Framework,io.github.tonywasher.joceanus.gordianknot.impl.bc.keypair,BouncyXDHKeyPair.BouncyX448PublicKey,0,18,0,0,0,5,0,2,0,2
GordianKnot Security Framework,io.github.tonywasher.joceanus.gordianknot.impl.bc.keypair,BouncySNTRUPrimeKeyPair.BouncySNTRUPrimeKeyPairGenerator,45,0,0,0,9,0,3,0,3,0
GordianKnot Security Framework,io.github.tonywasher.joceanus.gordianknot.impl.bc.keypair,BouncyNTRULPrimeKeyPair.BouncyNTRULPrimePublicKey,0,18,0,0,0,5,0,2,0,2
GordianKnot Security Framework,io.github.tonywasher.joceanus.gordianknot.impl.bc.keypair,BouncyXMSSKeyPair.BouncyXMSSPrivateKey,22,22,0,0,4,6,2,3,2,3
GordianKnot Security Framework,io.github.tonywasher.joceanus.gordianknot.impl.bc.keypair,BouncyCMCEKeyPair.BouncyCMCEPublicKey,0,18,0,0,0,5,0,2,0,2
GordianKnot Security Framework,io.github.tonywasher.joceanus.gordianknot.impl.bc.keypair,BouncyMLDSAKeyPair.BouncyMLDSAPublicKey,0,18,0,0,0,5,0,2,0,2
GordianKnot Security Framework,io.github.tonywasher.joceanus.gordianknot.impl.bc.keypair,BouncyHQCKeyPair.BouncyHQCPublicKey,0,18,0,0,0,5,0,2,0,2
GordianKnot Security Framework,io.github.tonywasher.joceanus.gordianknot.impl.bc.keypair,BouncyEdDSAKeyPair.BouncyEd448PublicKey,0,18,0,0,0,5,0,2,0,2
GordianKnot Security Framework,io.github.tonywasher.joceanus.gordianknot.impl.bc.keypair,BouncyXDHKeyPair.BouncyX448KeyPairGenerator,0,36,0,0,0,7,0,3,0,3
GordianKnot Security Framework,io.github.tonywasher.joceanus.gordianknot.impl.core.spec.keypair,GordianCoreFalconSpec,41,103,14,7,11,22,11,14,1,12
GordianKnot Security Framework,io.github.tonywasher.joceanus.gordianknot.impl.core.spec.keypair,GordianCoreDHSpec,79,112,30,7,26,21,27,12,1,11
GordianKnot Security Framework,io.github.tonywasher.joceanus.gordianknot.impl.core.spec.keypair,GordianCoreNTRUSpec,53,115,20,13,17,28,17,20,1,12
GordianKnot Security Framework,io.github.tonywasher.joceanus.gordianknot.impl.core.spec.keypair,GordianCoreElliptic,2,0,0,0,1,0,1,0,1,0
GordianKnot Security Framework,io.github.tonywasher.joceanus.gordianknot.impl.core.spec.keypair,GordianCoreBIKESpec,45,105,16,8,13,23,13,15,1,12
GordianKnot Security Framework,io.github.tonywasher.joceanus.gordianknot.impl.core.spec.keypair,GordianCoreXMSSSpec.GordianCoreXMSSHeight,40,183,15,20,10,31,11,22,1,12
GordianKnot Security Framework,io.github.tonywasher.joceanus.gordianknot.impl.core.spec.keypair,GordianCoreKeyPairSpec,95,655,36,104,24,150,36,113,0,43
GordianKnot Security Framework,io.github.tonywasher.joceanus.gordianknot.impl.core.spec.keypair,GordianCoreKeyPairSpecBuilder,10,443,0,0,2,55,1,38,1,38
GordianKnot Security Framework,io.github.tonywasher.joceanus.gordianknot.impl.core.spec.keypair,GordianCoreMLKEMSpec,45,105,16,8,13,23,13,15,1,12
GordianKnot Security Framework,io.github.tonywasher.joceanus.gordianknot.impl.core.spec.keypair,GordianCoreDSTUSpec,57,102,18,6,15,19,15,11,2,10
GordianKnot Security Framework,io.github.tonywasher.joceanus.gordianknot.impl.core.spec.keypair,GordianCoreNTRUPlusSpec,45,105,16,8,13,23,13,15,1,12
GordianKnot Security Framework,io.github.tonywasher.joceanus.gordianknot.impl.core.spec.keypair,GordianCoreMayoSpec,49,107,18,9,15,24,15,16,1,12
GordianKnot Security Framework,io.github.tonywasher.joceanus.gordianknot.impl.core.spec.keypair,GordianCoreSLHDSASpec,130,156,59,30,56,46,56,37,1,13
GordianKnot Security Framework,io.github.tonywasher.joceanus.gordianknot.impl.core.spec.keypair,GordianCorePicnicSpec,81,121,34,17,31,31,31,23,1,11
GordianKnot Security Framework,io.github.tonywasher.joceanus.gordianknot.impl.core.spec.keypair,GordianCoreGOSTSpec,42,109,16,7,11,21,13,12,1,11
GordianKnot Security Framework,io.github.tonywasher.joceanus.gordianknot.impl.core.spec.keypair,GordianCoreDSASpec,46,124,17,8,12,24,14,12,1,11
GordianKnot Security Framework,io.github.tonywasher.joceanus.gordianknot.impl.core.spec.keypair,GordianCoreSABERSpec,65,121,26,16,23,31,23,23,1,12
GordianKnot Security Framework,io.github.tonywasher.joceanus.gordianknot.impl.core.spec.keypair,GordianCoreLMSSpec,137,618,40,98,23,98,39,68,0,30
GordianKnot Security Framework,io.github.tonywasher.joceanus.gordianknot.impl.core.spec.keypair,GordianCoreKeyPairType,25,114,9,12,6,27,6,18,1,12
GordianKnot Security Framework,io.github.tonywasher.joceanus.gordianknot.impl.core.spec.keypair,GordianCoreCMCESpec,73,119,30,15,27,30,27,22,1,12
GordianKnot Security Framework,io.github.tonywasher.joceanus.gordianknot.impl.core.spec.keypair,GordianCoreFRODOSpec,57,111,22,11,19,26,19,18,1,12
GordianKnot Security Framework,io.github.tonywasher.joceanus.gordianknot.impl.core.spec.keypair,GordianCoreRSASpec,34,123,12,12,8,26,9,17,1,10
GordianKnot Security Framework,io.github.tonywasher.joceanus.gordianknot.impl.core.spec.keypair,GordianCoreECSpec,55,159,19,27,16,41,16,32,1,12
GordianKnot Security Framework,io.github.tonywasher.joceanus.gordianknot.impl.core.spec.keypair,GordianCoreNTRUPrimeSpec,15,139,9,13,3,25,9,12,0,10
GordianKnot Security Framework,io.github.tonywasher.joceanus.gordianknot.impl.core.spec.keypair,GordianCoreNTRUPrimeSpec.GordianCoreNTRUPrimeParams,107,128,37,17,36,32,34,23,3,12
GordianKnot Security Framework,io.github.tonywasher.joceanus.gordianknot.impl.core.spec.keypair,GordianCoreHQCSpec,45,105,16,8,13,23,13,15,1,12
GordianKnot Security Framework,io.github.tonywasher.joceanus.gordianknot.impl.core.spec.keypair,GordianCoreMLDSASpec,59,119,23,12,20,28,20,19,1,13
GordianKnot Security Framework,io.github.tonywasher.joceanus.gordianknot.impl.core.spec.keypair,GordianCoreEdwardsSpec,31,82,9,7,8,14,8,11,3,8
GordianKnot Security Framework,io.github.tonywasher.joceanus.gordianknot.impl.core.spec.keypair,GordianCoreSM2Spec,53,109,17,7,13,20,14,12,2,11
GordianKnot Security Framework,io.github.tonywasher.joceanus.gordianknot.impl.core.spec.keypair,GordianCoreSnovaSpec,209,187,98,49,95,64,95,56,1,12
GordianKnot Security Framework,io.github.tonywasher.joceanus.gordianknot.impl.core.spec.keypair,GordianCoreXMSSSpec,48,301,23,34,9,52,22,26,0,18
GordianKnot Security Framework,io.github.tonywasher.joceanus.gordianknot.api.lock.spec,GordianPasswordLockSpec,0,10,0,0,0,3,0,1,0,1
GordianKnot Security Framework,io.github.tonywasher.joceanus.gordianknot.impl.core.cipher,GordianCoreCipherParams.GordianCoreKeyAndNonceCipherParameters,0,26,0,0,0,10,0,4,0,4
GordianKnot Security Framework,io.github.tonywasher.joceanus.gordianknot.impl.core.cipher,GordianCoreCipherParams.GordianCorePBECipherParameters,0,42,0,0,0,16,0,6,0,6
GordianKnot Security Framework,io.github.tonywasher.joceanus.gordianknot.impl.core.cipher,GordianCoreCipherFactory,84,352,23,49,22,94,27,49,5,35
GordianKnot Security Framework,io.github.tonywasher.joceanus.gordianknot.impl.core.cipher,GordianCoreCipherParamsBuilder,7,40,0,0,1,7,1,7,1,7
GordianKnot Security Framework,io.github.tonywasher.joceanus.gordianknot.impl.core.cipher,GordianCoreCipherParams.GordianCoreAEADCipherParameters,7,11,0,0,3,4,1,2,1,2
GordianKnot Security Framework,io.github.tonywasher.joceanus.gordianknot.impl.core.cipher,GordianWrappedKeyASN1,66,81,13,3,14,24,10,7,2,7
GordianKnot Security Framework,io.github.tonywasher.joceanus.gordianknot.impl.core.cipher,GordianCoreCipherParams.GordianCoreKeyCipherParameters,0,9,0,0,0,4,0,2,0,2
GordianKnot Security Framework,io.github.tonywasher.joceanus.gordianknot.impl.core.cipher,GordianCoreWrapper,113,632,10,36,22,127,14,29,5,15
GordianKnot Security Framework,io.github.tonywasher.joceanus.gordianknot.impl.core.cipher,GordianCoreCipherParameters,11,502,5,43,3,113,6,36,1,16
GordianKnot Security Framework,io.github.tonywasher.joceanus.gordianknot.impl.core.cipher,GordianPBECipherSpec,54,29,14,4,11,8,13,3,4,3
GordianKnot Security Framework,io.github.tonywasher.joceanus.gordianknot.impl.core.cipher,GordianCoreCipher,66,293,16,35,13,67,19,29,3,18
GordianKnot Security Framework,io.github.tonywasher.joceanus.gordianknot.impl.core.cipher,GordianCoreCipherAlgId,0,1012,1,17,0,120,1,20,0,12
GordianKnot Security Framework,SevenZip.Compression.LZ,InWindow,71,240,15,15,15,50,12,16,1,12
GordianKnot Security Framework,SevenZip.Compression.LZ,BinTree,178,962,27,77,26,186,26,37,3,8
GordianKnot Security Framework,SevenZip.Compression.LZ,OutWindow,23,140,10,12,6,38,9,11,0,9
GordianKnot Security Framework,io.github.tonywasher.joceanus.gordianknot.api.random.spec,GordianRandomType,0,34,0,2,0,8,0,3,0,2
GordianKnot Security Framework,io.github.tonywasher.joceanus.gordianknot.api.random.spec,GordianRandomSpecBuilder,0,60,0,0,0,8,0,8,0,8
GordianKnot Security Framework,io.github.tonywasher.joceanus.gordianknot.impl.core.spec.mac,GordianCoreMacType,57,144,19,27,12,37,18,29,4,11
GordianKnot Security Framework,io.github.tonywasher.joceanus.gordianknot.impl.core.spec.mac,GordianCoreMacSpec,48,712,31,124,17,143,31,95,0,30
GordianKnot Security Framework,io.github.tonywasher.joceanus.gordianknot.impl.core.spec.mac,GordianMacResource,0,136,1,1,0,25,1,5,0,5
GordianKnot Security Framework,io.github.tonywasher.joceanus.gordianknot.impl.core.spec.mac,GordianCoreMacSpecBuilder,11,444,2,48,3,90,3,36,1,13
GordianKnot Security Framework,io.github.tonywasher.joceanus.gordianknot.impl.core.spec.mac,GordianCoreSipHashType,9,161,5,17,3,35,6,20,1,14
GordianKnot Security Framework,io.github.tonywasher.joceanus.gordianknot.impl.core.cert,GordianCoreCertificateId,9,69,6,8,3,12,6,6,0,5
GordianKnot Security Framework,io.github.tonywasher.joceanus.gordianknot.impl.core.cert,GordianCAStatus,13,87,2,8,3,28,3,9,1,6
GordianKnot Security Framework,io.github.tonywasher.joceanus.gordianknot.impl.core.cert,GordianCertUtils,35,182,9,27,9,47,8,18,0,8
GordianKnot Security Framework,io.github.tonywasher.joceanus.gordianknot.impl.core.cert,GordianMiniCertificate,22,102,0,0,8,25,7,6,7,6
GordianKnot Security Framework,io.github.tonywasher.joceanus.gordianknot.impl.core.cert,GordianStreamConsumer,11,19,2,0,2,7,2,3,1,3
GordianKnot Security Framework,io.github.tonywasher.joceanus.gordianknot.impl.core.cert,GordianCertificateASN1,100,103,19,8,19,25,16,6,2,6
GordianKnot Security Framework,io.github.tonywasher.joceanus.gordianknot.impl.core.cert,GordianCoreCertificate,102,742,20,34,24,168,22,46,2,39
GordianKnot Security Framework,io.github.tonywasher.joceanus.gordianknot.impl.core.cert,GordianMiniCertificateASN1,78,96,15,3,14,27,11,8,2,8
GordianKnot Security Framework,io.github.tonywasher.joceanus.gordianknot.impl.core.encrypt,GordianCoreEncryptorAlgId,0,334,0,17,0,58,0,18,0,9
GordianKnot Security Framework,io.github.tonywasher.joceanus.gordianknot.impl.core.encrypt,GordianCoreEncryptor,26,67,3,3,6,22,6,8,3,8
GordianKnot Security Framework,io.github.tonywasher.joceanus.gordianknot.impl.core.encrypt,GordianCoreEncryptor.GordianEncryptMode,0,15,0,0,0,3,0,1,0,1
GordianKnot Security Framework,io.github.tonywasher.joceanus.gordianknot.impl.core.encrypt,GordianCompositeEncryptor,8,146,1,11,2,40,2,11,1,6
GordianKnot Security Framework,io.github.tonywasher.joceanus.gordianknot.impl.core.encrypt,GordianCoreEncryptorFactory,40,279,11,46,11,70,15,30,4,11
GordianKnot Security Framework,io.github.tonywasher.joceanus.gordianknot.api.sign.spec,GordianSignatureType,0,63,0,0,0,11,0,1,0,1
GordianKnot Security Framework,io.github.tonywasher.joceanus.gordianknot.api.sign.spec,GordianSignatureSpecBuilder,5,119,0,0,1,18,1,18,1,18
GordianKnot Security Framework,io.github.tonywasher.joceanus.gordianknot.api.keystore,GordianKeyStore,12,0,4,0,1,0,3,0,1,0
GordianKnot Security Framework,io.github.tonywasher.joceanus.gordianknot.api.sign,GordianSignParams,38,0,4,0,8,0,7,0,5,0
GordianKnot Security Framework,io.github.tonywasher.joceanus.gordianknot.api.sign,GordianSignatureFactory,0,15,0,0,0,5,0,2,0,2
GordianKnot Security Framework,io.github.tonywasher.joceanus.gordianknot.impl.core.digest,GordianCoreDigestFactory,9,95,2,10,2,27,3,17,1,13
GordianKnot Security Framework,io.github.tonywasher.joceanus.gordianknot.impl.core.digest,GordianCoreDigestAlgId,0,508,0,8,0,76,0,16,0,12
GordianKnot Security Framework,io.github.tonywasher.joceanus.gordianknot.impl.core.digest,GordianCoreDigest,12,44,3,5,2,12,3,6,0,5
GordianKnot Security Framework,io.github.tonywasher.joceanus.gordianknot.util,GordianGenerator,0,29,0,0,0,7,0,3,0,3
GordianKnot Security Framework,io.github.tonywasher.joceanus.gordianknot.util,GordianGenerator.GordianUtilGenerator,0,20,0,2,0,5,0,3,0,2
GordianKnot Security Framework,io.github.tonywasher.joceanus.gordianknot.util,GordianUtilities,25,22,0,0,9,11,7,11,7,11
GordianKnot Security Framework,io.github.tonywasher.joceanus.gordianknot.impl.core.mac,GordianCoreMacParameters,0,72,0,6,0,20,0,9,0,6
GordianKnot Security Framework,io.github.tonywasher.joceanus.gordianknot.impl.core.mac,GordianCoreMac,17,84,4,6,3,23,4,10,0,9
GordianKnot Security Framework,io.github.tonywasher.joceanus.gordianknot.impl.core.mac,GordianCoreMacFactory,16,319,16,56,2,70,16,46,0,21
GordianKnot Security Framework,io.github.tonywasher.joceanus.gordianknot.impl.core.mac,GordianCoreMacParamsBuilder,122,45,8,0,40,16,12,5,8,5
GordianKnot Security Framework,io.github.tonywasher.joceanus.gordianknot.impl.core.mac,GordianCoreMacParams,37,26,0,0,15,11,10,7,10,7
GordianKnot Security Framework,io.github.tonywasher.joceanus.gordianknot.api.mac.spec,GordianMacSpecBuilder,41,202,0,0,6,28,6,25,6,25
GordianKnot Security Framework,io.github.tonywasher.joceanus.gordianknot.api.mac.spec,GordianSipHashType,0,27,0,0,0,5,0,1,0,1
GordianKnot Security Framework,io.github.tonywasher.joceanus.gordianknot.api.mac.spec,GordianMacType,0,99,0,0,0,17,0,1,0,1
GordianKnot Security Framework,io.github.tonywasher.joceanus.gordianknot.impl.bc.encrypt,BouncySM2Encryptor,14,96,0,2,4,23,0,8,0,7
GordianKnot Security Framework,io.github.tonywasher.joceanus.gordianknot.impl.bc.encrypt,BouncyEncryptorFactory,6,54,1,5,1,10,1,7,0,3
GordianKnot Security Framework,io.github.tonywasher.joceanus.gordianknot.impl.bc.encrypt,BouncyElGamalEncryptor,0,16,0,0,0,4,0,3,0,3
GordianKnot Security Framework,io.github.tonywasher.joceanus.gordianknot.impl.bc.encrypt,BouncyCoreEncryptor,7,161,0,4,2,40,0,12,0,10
GordianKnot Security Framework,io.github.tonywasher.joceanus.gordianknot.impl.bc.encrypt,BouncyRSAEncryptor,0,16,0,0,0,4,0,3,0,3
GordianKnot Security Framework,io.github.tonywasher.joceanus.gordianknot.impl.bc.encrypt,BouncyECEncryptor,14,66,0,0,4,19,0,7,0,7
GordianKnot Security Framework,io.github.tonywasher.joceanus.gordianknot.impl.core.stream,GordianDigestInputStream.GordianDigestBuffer,0,33,0,2,0,11,0,3,0,2
GordianKnot Security Framework,io.github.tonywasher.joceanus.gordianknot.impl.core.stream,GordianInputStream.GordianProcessedBuffer,29,69,3,5,8,19,3,8,1,6
GordianKnot Security Framework,io.github.tonywasher.joceanus.gordianknot.impl.core.stream,GordianStreamDefinition,4,445,0,19,1,113,1,28,1,17
GordianKnot Security Framework,io.github.tonywasher.joceanus.gordianknot.impl.core.stream,GordianStreamDefinition.GordianStreamType,6,71,1,3,1,13,1,5,0,4
GordianKnot Security Framework,io.github.tonywasher.joceanus.gordianknot.impl.core.stream,GordianPipedStream,0,31,0,0,0,7,0,3,0,3
GordianKnot Security Framework,io.github.tonywasher.joceanus.gordianknot.impl.core.stream,GordianInputStream,95,104,16,14,26,30,16,11,6,6
GordianKnot Security Framework,io.github.tonywasher.joceanus.gordianknot.impl.core.stream,GordianDigestInputStream,5,40,1,1,1,11,1,3,0,3
GordianKnot Security Framework,io.github.tonywasher.joceanus.gordianknot.impl.core.stream,GordianLZMAInputStream,29,54,0,0,12,18,3,4,3,4
GordianKnot Security Framework,io.github.tonywasher.joceanus.gordianknot.impl.core.stream,GordianCipherInputStream,0,10,0,0,0,3,0,1,0,1
GordianKnot Security Framework,io.github.tonywasher.joceanus.gordianknot.impl.core.stream,GordianCipherInputStream.GordianCipherBuffer,8,68,1,7,2,18,1,6,0,3
GordianKnot Security Framework,io.github.tonywasher.joceanus.gordianknot.impl.core.stream,GordianPipedStream.GordianPipedOutputStream,40,46,3,3,13,15,5,4,2,4
GordianKnot Security Framework,io.github.tonywasher.joceanus.gordianknot.impl.core.stream,GordianMacInputStream,11,47,3,3,4,14,3,4,0,4
GordianKnot Security Framework,io.github.tonywasher.joceanus.gordianknot.impl.core.stream,GordianPipedStream.GordianPipedInputStream,44,109,8,10,11,30,8,6,2,3
GordianKnot Security Framework,io.github.tonywasher.joceanus.gordianknot.impl.core.stream,GordianDigestOutputStream,2,56,1,1,1,15,1,6,0,6
GordianKnot Security Framework,io.github.tonywasher.joceanus.gordianknot.impl.core.stream,GordianStreamManager,12,368,3,24,9,93,4,19,2,6
GordianKnot Security Framework,io.github.tonywasher.joceanus.gordianknot.impl.core.stream,GordianMacInputStream.GordianMacBuffer,0,33,0,2,0,11,0,3,0,2
GordianKnot Security Framework,io.github.tonywasher.joceanus.gordianknot.impl.core.stream,GordianLZMAInputStream.GordianDecoderService,28,53,4,2,6,14,3,3,0,3
GordianKnot Security Framework,io.github.tonywasher.joceanus.gordianknot.impl.core.stream,GordianLZMAOutputStream,19,52,0,0,8,18,2,5,2,5
GordianKnot Security Framework,io.github.tonywasher.joceanus.gordianknot.impl.core.stream,GordianOutputStream,12,64,3,3,3,22,4,7,1,7
GordianKnot Security Framework,io.github.tonywasher.joceanus.gordianknot.impl.core.stream,GordianCipherOutputStream,20,77,1,5,5,21,1,8,0,6
GordianKnot Security Framework,io.github.tonywasher.joceanus.gordianknot.impl.core.stream,GordianLZMAOutputStream.GordianEncoderService,18,46,3,1,3,12,2,3,0,3
GordianKnot Security Framework,io.github.tonywasher.joceanus.gordianknot.impl.core.stream,GordianMacOutputStream,2,57,1,1,1,16,1,7,0,7
GordianKnot Security Framework,io.github.tonywasher.joceanus.gordianknot.api.digest,GordianDigest,0,6,0,0,0,2,0,1,0,1
GordianKnot Security Framework,org.bouncycastle.crypto.patch.modes,GordianKCCMBlockCipher,181,910,32,60,34,161,32,38,6,16
GordianKnot Security Framework,org.bouncycastle.crypto.patch.modes,GordianKGCMBlockCipher.ExposedByteArrayOutputStream,0,6,0,0,0,3,0,2,0,2
GordianKnot Security Framework,org.bouncycastle.crypto.patch.modes,GordianKCCMBlockCipher.ExposedByteArrayOutputStream,0,6,0,0,0,3,0,2,0,2
GordianKnot Security Framework,org.bouncycastle.crypto.patch.modes,GordianKGCMBlockCipher,80,681,12,44,19,133,17,31,5,14
GordianKnot Security Framework,io.github.tonywasher.joceanus.gordianknot.api.cipher.spec,GordianStreamKeySubType.GordianISAPKey,0,27,0,0,0,5,0,1,0,1
GordianKnot Security Framework,io.github.tonywasher.joceanus.gordianknot.api.cipher.spec,GordianPBEType,0,27,0,0,0,5,0,1,0,1
GordianKnot Security Framework,io.github.tonywasher.joceanus.gordianknot.api.cipher.spec,GordianStreamKeySubType.GordianChaCha20Key,0,21,0,0,0,4,0,1,0,1
GordianKnot Security Framework,io.github.tonywasher.joceanus.gordianknot.api.cipher.spec,GordianStreamKeySubType.GordianSalsa20Key,0,15,0,0,0,3,0,1,0,1
GordianKnot Security Framework,io.github.tonywasher.joceanus.gordianknot.api.cipher.spec,GordianSymKeyType,0,177,0,0,0,30,0,1,0,1
GordianKnot Security Framework,io.github.tonywasher.joceanus.gordianknot.api.cipher.spec,GordianStreamKeySubType.GordianVMPCKey,0,15,0,0,0,3,0,1,0,1
GordianKnot Security Framework,io.github.tonywasher.joceanus.gordianknot.api.cipher.spec,GordianCipherMode,0,129,0,0,0,22,0,1,0,1
GordianKnot Security Framework,io.github.tonywasher.joceanus.gordianknot.api.cipher.spec,GordianStreamKeySubType.GordianSkeinXofKey,0,21,0,0,0,4,0,1,0,1
GordianKnot Security Framework,io.github.tonywasher.joceanus.gordianknot.api.cipher.spec,GordianStreamKeySubType.GordianRomulusKey,0,21,0,0,0,4,0,1,0,1
GordianKnot Security Framework,io.github.tonywasher.joceanus.gordianknot.api.cipher.spec,GordianSymKeySpecBuilder,151,58,0,0,25,8,25,8,25,8
GordianKnot Security Framework,io.github.tonywasher.joceanus.gordianknot.api.cipher.spec,GordianStreamKeyType,0,129,0,0,0,22,0,1,0,1
GordianKnot Security Framework,io.github.tonywasher.joceanus.gordianknot.api.cipher.spec,GordianSymCipherSpecBuilder,42,69,0,0,6,9,6,9,6,9
GordianKnot Security Framework,io.github.tonywasher.joceanus.gordianknot.api.cipher.spec,GordianStreamKeySpecBuilder,163,23,0,0,23,3,23,3,23,3
GordianKnot Security Framework,io.github.tonywasher.joceanus.gordianknot.api.cipher.spec,GordianStreamKeySubType.GordianBlakeXofKey,0,15,0,0,0,3,0,1,0,1
GordianKnot Security Framework,io.github.tonywasher.joceanus.gordianknot.api.cipher.spec,GordianStreamKeySubType.GordianSparkleKey,0,27,0,0,0,5,0,1,0,1
GordianKnot Security Framework,io.github.tonywasher.joceanus.gordianknot.api.cipher.spec,GordianPadding,0,39,0,0,0,7,0,1,0,1
GordianKnot Security Framework,io.github.tonywasher.joceanus.gordianknot.api.cipher.spec,GordianStreamKeySubType.GordianElephantKey,0,21,0,0,0,4,0,1,0,1
GordianKnot Security Framework,io.github.tonywasher.joceanus.gordianknot.api.cipher.spec,GordianStreamCipherSpecBuilder,0,17,0,2,0,5,0,3,0,2
GordianKnot Security Framework,io.github.tonywasher.joceanus.gordianknot.impl.core.keypair.parser,GordianNewHopeEncodedParser,0,20,0,0,0,7,0,4,0,4
GordianKnot Security Framework,io.github.tonywasher.joceanus.gordianknot.impl.core.keypair.parser,GordianDSAEncodedParser,11,42,1,1,2,13,1,5,0,5
GordianKnot Security Framework,io.github.tonywasher.joceanus.gordianknot.impl.core.keypair.parser,GordianGOSTEncodedParser,13,48,2,2,2,15,2,5,0,5
GordianKnot Security Framework,io.github.tonywasher.joceanus.gordianknot.impl.core.keypair.parser,GordianDSTUEncodedParser,16,65,4,4,3,19,4,7,0,7
GordianKnot Security Framework,io.github.tonywasher.joceanus.gordianknot.impl.core.keypair.parser,GordianElGamalEncodedParser,8,53,1,1,2,14,1,7,0,7
GordianKnot Security Framework,io.github.tonywasher.joceanus.gordianknot.impl.core.keypair.parser,GordianCompositeEncodedParser,14,88,0,4,4,23,0,6,0,4
GordianKnot Security Framework,io.github.tonywasher.joceanus.gordianknot.impl.core.keypair.parser,GordianEdwardsEncodedParser,0,47,0,0,0,11,0,4,0,4
GordianKnot Security Framework,io.github.tonywasher.joceanus.gordianknot.impl.core.keypair.parser,GordianRSAEncodedParser,21,38,1,1,5,11,1,5,0,5
GordianKnot Security Framework,io.github.tonywasher.joceanus.gordianknot.impl.core.keypair.parser,GordianECEncodedParser,21,66,4,6,4,21,4,6,0,5
GordianKnot Security Framework,io.github.tonywasher.joceanus.gordianknot.impl.core.keypair.parser,GordianKeyPairIdEncodedParser,0,48,0,2,0,11,0,5,0,4
GordianKnot Security Framework,io.github.tonywasher.joceanus.gordianknot.impl.core.keypair.parser,GordianLMSEncodedParser,14,71,0,0,4,16,0,5,0,5
GordianKnot Security Framework,io.github.tonywasher.joceanus.gordianknot.impl.core.keypair.parser,GordianXMSSEncodedParser,37,108,8,6,9,26,6,8,0,7
GordianKnot Security Framework,io.github.tonywasher.joceanus.gordianknot.impl.core.keypair.parser,GordianDHEncodedParser,42,70,5,3,7,17,4,6,0,6
GordianKnot Security Framework,io.github.tonywasher.joceanus.gordianknot.impl.core.keypair.parser,GordianXMSSMTEncodedParser,106,16,6,0,24,4,7,2,4,2
GordianKnot Security Framework,io.github.tonywasher.joceanus.gordianknot.impl.bc.digest,BouncyDigestFactory,7,386,1,60,1,88,1,61,0,16
GordianKnot Security Framework,io.github.tonywasher.joceanus.gordianknot.impl.bc.digest,BouncyDigest,4,49,0,2,2,15,1,8,1,7
GordianKnot Security Framework,io.github.tonywasher.joceanus.gordianknot.impl.bc.digest,BouncyDigestXof,0,30,0,0,0,6,0,4,0,4
GordianKnot Security Framework,io.github.tonywasher.joceanus.gordianknot.impl.bc.sign,BouncyMLDSASignature,39,111,3,3,11,33,6,8,3,8
GordianKnot Security Framework,io.github.tonywasher.joceanus.gordianknot.impl.bc.sign,BouncyLMSSignature,0,67,0,0,0,19,0,5,0,5
GordianKnot Security Framework,io.github.tonywasher.joceanus.gordianknot.impl.bc.sign,BouncyFalconSignature,0,10,0,0,0,3,0,1,0,1
GordianKnot Security Framework,io.github.tonywasher.joceanus.gordianknot.impl.bc.sign,BouncyDigestSignature,4,77,0,4,2,18,1,9,1,7
GordianKnot Security Framework,io.github.tonywasher.joceanus.gordianknot.impl.bc.sign,BouncySignatureFactory,7,137,1,16,1,22,1,20,0,5
GordianKnot Security Framework,io.github.tonywasher.joceanus.gordianknot.impl.bc.sign,BouncyGOSTSignature.BouncyGOSTCoder,0,117,0,2,0,23,0,5,0,4
GordianKnot Security Framework,io.github.tonywasher.joceanus.gordianknot.impl.bc.sign,BouncyGOSTSignature,0,107,0,0,0,23,0,5,0,5
GordianKnot Security Framework,io.github.tonywasher.joceanus.gordianknot.impl.bc.sign,BouncyPSSSignature,4,132,0,6,2,24,1,11,1,6
GordianKnot Security Framework,io.github.tonywasher.joceanus.gordianknot.impl.bc.sign,BouncySnovaSignature,0,10,0,0,0,3,0,1,0,1
GordianKnot Security Framework,io.github.tonywasher.joceanus.gordianknot.impl.bc.sign,BouncyPicnicSignature,0,10,0,0,0,3,0,1,0,1
GordianKnot Security Framework,io.github.tonywasher.joceanus.gordianknot.impl.bc.sign,BouncySignature,0,51,0,7,0,11,0,5,0,1
GordianKnot Security Framework,io.github.tonywasher.joceanus.gordianknot.impl.bc.sign,BouncySM2Signature,16,112,0,2,6,29,2,9,2,8
GordianKnot Security Framework,io.github.tonywasher.joceanus.gordianknot.impl.bc.sign,BouncyDSTUSignature.BouncyDSTUCoder,20,103,1,1,5,17,1,3,0,3
GordianKnot Security Framework,io.github.tonywasher.joceanus.gordianknot.impl.bc.sign,BouncySignature.BouncyDERCoder,14,51,0,0,4,10,0,3,0,3
GordianKnot Security Framework,io.github.tonywasher.joceanus.gordianknot.impl.bc.sign,BouncyDSTUSignature,0,144,0,2,0,29,0,7,0,6
GordianKnot Security Framework,io.github.tonywasher.joceanus.gordianknot.impl.bc.sign,BouncyRSASignature,7,77,0,2,2,22,0,7,0,6
GordianKnot Security Framework,io.github.tonywasher.joceanus.gordianknot.impl.bc.sign,BouncyEdDSASignature,16,107,0,2,6,31,2,10,2,9
GordianKnot Security Framework,io.github.tonywasher.joceanus.gordianknot.impl.bc.sign,BouncySLHDSASignature,77,137,12,8,18,40,12,7,2,7
GordianKnot Security Framework,io.github.tonywasher.joceanus.gordianknot.impl.bc.sign,BouncyPostQuantumSignature,0,82,0,2,0,23,0,7,0,6
GordianKnot Security Framework,io.github.tonywasher.joceanus.gordianknot.impl.bc.sign,BouncyDSASignature,0,99,0,0,0,23,0,5,0,5
GordianKnot Security Framework,io.github.tonywasher.joceanus.gordianknot.impl.bc.sign,BouncyMayoSignature,0,10,0,0,0,3,0,1,0,1
GordianKnot Security Framework,io.github.tonywasher.joceanus.gordianknot.impl.bc.sign,BouncyXMSSSignature,35,134,4,8,8,35,4,7,0,5
GordianKnot Security Framework,io.github.tonywasher.joceanus.gordianknot.impl.bc.sign,BouncyECSignature,0,99,0,0,0,23,0,5,0,5
GordianKnot Security Framework,io.github.tonywasher.joceanus.gordianknot.api.cert,GordianKeyPairUsage,0,52,0,2,0,13,0,6,0,5
GordianKnot Security Framework,io.github.tonywasher.joceanus.gordianknot.api.cert,GordianKeyPairUse,0,70,0,0,0,13,0,3,0,3
GordianKnot Security Framework,io.github.tonywasher.joceanus.gordianknot.api.zip,GordianZipLockType,0,21,0,0,0,4,0,1,0,1
GordianKnot Security Framework,io.github.tonywasher.joceanus.gordianknot.api.lock,GordianKeyPairLock,0,4,0,0,0,1,0,1,0,1
GordianKnot Security Framework,io.github.tonywasher.joceanus.gordianknot.api.lock,GordianKeySetLock,0,4,0,0,0,1,0,1,0,1
GordianKnot Security Framework,io.github.tonywasher.joceanus.gordianknot.api.agree.spec,GordianAgreementKDF,0,63,0,0,0,11,0,1,0,1
GordianKnot Security Framework,io.github.tonywasher.joceanus.gordianknot.api.agree.spec,GordianAgreementSpecBuilder,75,43,0,2,8,7,8,5,8,4
GordianKnot Security Framework,io.github.tonywasher.joceanus.gordianknot.api.agree.spec,GordianAgreementType,0,45,0,0,0,8,0,1,0,1
GordianKnot Security Framework,SevenZip.Compression.RangeCoder,BitTreeDecoder,0,110,0,6,0,26,0,8,0,5
GordianKnot Security Framework,SevenZip.Compression.RangeCoder,Encoder,0,314,0,24,0,62,0,27,0,15
GordianKnot Security Framework,SevenZip.Compression.RangeCoder,BitTreeEncoder,0,212,0,12,0,53,0,14,0,8
GordianKnot Security Framework,SevenZip.Compression.RangeCoder,Decoder,0,212,0,14,0,39,0,14,0,7
GordianKnot Security Framework,io.github.tonywasher.joceanus.gordianknot.impl.core.key,GordianCoreKey,0,9,0,0,0,4,0,2,0,2
GordianKnot Security Framework,io.github.tonywasher.joceanus.gordianknot.impl.core.key,GordianCoreKeyAlgId,0,552,2,24,0,95,2,25,0,14
GordianKnot Security Framework,io.github.tonywasher.joceanus.gordianknot.impl.core.key,GordianCoreKeyGenerator,23,115,4,2,5,29,5,4,2,4
GordianKnot Security Framework,io.github.tonywasher.joceanus.gordianknot.impl.core.random,GordianSP800CTRDRBG,30,600,3,31,8,126,4,21,1,7
GordianKnot Security Framework,io.github.tonywasher.joceanus.gordianknot.impl.core.random,GordianSP800HashDRBG,13,351,2,18,3,80,3,15,1,7
GordianKnot Security Framework,io.github.tonywasher.joceanus.gordianknot.impl.core.random,GordianSP800HMacDRBG,25,239,2,14,7,65,3,13,1,7
GordianKnot Security Framework,io.github.tonywasher.joceanus.gordianknot.impl.core.random,GordianCoreRandomFactory,38,683,15,40,11,137,18,43,3,28
GordianKnot Security Framework,io.github.tonywasher.joceanus.gordianknot.impl.core.random,GordianCombinedRandom,20,175,1,7,6,45,4,10,3,7
GordianKnot Security Framework,io.github.tonywasher.joceanus.gordianknot.impl.core.random,GordianSecureRandom,41,180,3,9,9,50,6,11,3,8
GordianKnot Security Framework,io.github.tonywasher.joceanus.gordianknot.impl.core.random,GordianX931CipherDRBG,37,213,3,13,12,48,6,11,3,6
GordianKnot Security Framework,io.github.tonywasher.joceanus.gordianknot.impl.core.factory,GordianCoreFactory,23,276,6,12,6,67,8,37,2,34
GordianKnot Security Framework,io.github.tonywasher.joceanus.gordianknot.impl.core.factory,GordianCoreAsyncFactory,0,55,0,0,0,14,0,7,0,7
GordianKnot Security Framework,io.github.tonywasher.joceanus.gordianknot.impl.bc.agree,BouncyDHUnifiedAgreementEngine,0,138,0,0,0,27,0,3,0,3
GordianKnot Security Framework,io.github.tonywasher.joceanus.gordianknot.impl.bc.agree,BouncyNTRUPlusAgreementEngine,7,56,0,0,2,15,0,3,0,3
GordianKnot Security Framework,io.github.tonywasher.joceanus.gordianknot.impl.bc.agree,BouncyECUnifiedAgreementEngine,0,138,0,0,0,27,0,3,0,3
GordianKnot Security Framework,io.github.tonywasher.joceanus.gordianknot.impl.bc.agree,BouncyBIKEAgreementEngine,7,56,0,0,2,15,0,3,0,3
GordianKnot Security Framework,io.github.tonywasher.joceanus.gordianknot.impl.bc.agree,BouncyRSAAgreementEngine,7,66,0,0,2,16,0,3,0,3
GordianKnot Security Framework,io.github.tonywasher.joceanus.gordianknot.impl.bc.agree,BouncyNTRUAgreementEngine,7,56,0,0,2,15,0,3,0,3
GordianKnot Security Framework,io.github.tonywasher.joceanus.gordianknot.impl.bc.agree,BouncyHQCAgreementEngine,7,56,0,0,2,15,0,3,0,3
GordianKnot Security Framework,io.github.tonywasher.joceanus.gordianknot.impl.bc.agree,BouncyAgreementBase,10,21,2,2,2,7,2,3,0,3
GordianKnot Security Framework,io.github.tonywasher.joceanus.gordianknot.impl.bc.agree,BouncyCMCEAgreementEngine,7,56,0,0,2,15,0,3,0,3
GordianKnot Security Framework,io.github.tonywasher.joceanus.gordianknot.impl.bc.agree,BouncySNTRUPrimeAgreementEngine,63,0,0,0,17,0,3,0,3,0
GordianKnot Security Framework,io.github.tonywasher.joceanus.gordianknot.impl.bc.agree,BouncyXDHUnifiedAgreementEngine,0,147,0,0,0,31,0,3,0,3
GordianKnot Security Framework,io.github.tonywasher.joceanus.gordianknot.impl.bc.agree,BouncyECBasicAgreementEngine,0,76,0,0,0,17,0,3,0,3
GordianKnot Security Framework,io.github.tonywasher.joceanus.gordianknot.impl.bc.agree,BouncyMLKEMAgreementEngine,7,56,0,0,2,15,0,3,0,3
GordianKnot Security Framework,io.github.tonywasher.joceanus.gordianknot.impl.bc.agree,BouncySABERAgreementEngine,7,56,0,0,2,15,0,3,0,3
GordianKnot Security Framework,io.github.tonywasher.joceanus.gordianknot.impl.bc.agree,BouncyXDHAnonAgreementEngine,0,91,0,2,0,21,0,5,0,4
[...]
GordianKnot Security Framework,io.github.tonywasher.joceanus.gordianknot.impl.core.keystore,GordianCoreKeyStoreEntry.GordianCoreKeyStoreSet,22,35,5,5,4,9,6,3,1,3
GordianKnot Security Framework,io.github.tonywasher.joceanus.gordianknot.impl.core.keystore,GordianBaseKeyStore.GordianKeyStoreCertificateKey,15,52,5,5,5,16,6,5,1,5
GordianKnot Security Framework,io.github.tonywasher.joceanus.gordianknot.impl.core.keystore,GordianKeyStoreElement.GordianKeyStoreSetElement,21,98,6,6,7,23,8,6,2,6
GordianKnot Security Framework,io.github.tonywasher.joceanus.gordianknot.impl.core.keystore,GordianCoreKeyStoreFactory,25,66,2,2,5,16,3,5,1,5
GordianKnot Security Framework,io.github.tonywasher.joceanus.gordianknot.impl.core.keystore,GordianCertAckASN1,17,69,2,2,4,19,2,6,0,6
GordianKnot Security Framework,io.github.tonywasher.joceanus.gordianknot.impl.core.keystore,GordianPEMCoder,182,498,22,25,40,114,21,32,3,25
GordianKnot Security Framework,io.github.tonywasher.joceanus.gordianknot.impl.core.keystore,GordianCoreKeyStoreEntry.GordianCoreKeyStoreCertificate,57,0,10,0,13,0,9,0,4,0
GordianKnot Security Framework,io.github.tonywasher.joceanus.gordianknot.impl.core.keystore,GordianKeyStoreDocument,169,799,26,62,49,218,26,44,4,19
GordianKnot Security Framework,io.github.tonywasher.joceanus.gordianknot.impl.core.keystore,GordianCRMBuilder.XPOPOPrivKey,16,0,0,0,4,0,2,0,2,0
GordianKnot Security Framework,io.github.tonywasher.joceanus.gordianknot.impl.core.keystore,GordianPEMObject,0,15,0,0,0,6,0,3,0,3
GordianKnot Security Framework,io.github.tonywasher.joceanus.gordianknot.impl.core.keystore,GordianKeyStoreElement.GordianKeyStoreCertificateElement,59,12,10,0,15,4,9,2,4,2
GordianKnot Security Framework,io.github.tonywasher.joceanus.gordianknot.impl.core.keystore,GordianCRMBuilder,90,387,4,8,19,83,5,14,1,12
GordianKnot Security Framework,io.github.tonywasher.joceanus.gordianknot.impl.core.keystore,GordianKeyStoreElement.GordianKeyStoreKeyElement,25,116,7,7,8,27,9,7,2,7
GordianKnot Security Framework,io.github.tonywasher.joceanus.gordianknot.impl.core.keystore,GordianCRMParser,364,336,33,26,85,82,32,11,5,8
GordianKnot Security Framework,io.github.tonywasher.joceanus.gordianknot.impl.core.keystore,GordianCRMEncryptor.GordianCRMResult,0,15,0,0,0,6,0,3,0,3
GordianKnot Security Framework,io.github.tonywasher.joceanus.gordianknot.impl.core.keystore,GordianKeyStoreDocument.GordianStoreEntryType,15,90,5,9,5,20,4,8,0,5
GordianKnot Security Framework,io.github.tonywasher.joceanus.gordianknot.impl.core.keystore,GordianCoreKeyStoreManager,12,292,5,21,2,59,5,17,0,9
GordianKnot Security Framework,io.github.tonywasher.joceanus.gordianknot.impl.core.keystore,GordianCoreKeyStoreEntry.GordianCoreKeyStorePair,27,50,6,6,4,12,7,4,1,4
GordianKnot Security Framework,io.github.tonywasher.joceanus.gordianknot.impl.core.keystore,GordianCoreKeyStoreGateway,59,434,10,10,13,99,12,20,3,19
GordianKnot Security Framework,io.github.tonywasher.joceanus.gordianknot.impl.core.keystore,GordianKeyStoreElement.GordianKeyStoreLockElement,39,27,10,0,10,9,7,4,2,4
GordianKnot Security Framework,io.github.tonywasher.joceanus.gordianknot.impl.core.keystore,GordianCertResponseASN1,32,354,10,21,7,77,10,21,0,15
GordianKnot Security Framework,io.github.tonywasher.joceanus.gordianknot.impl.core.keystore,GordianKeyStoreElement.GordianKeyStorePairElement,22,210,7,13,7,46,8,15,1,12
GordianKnot Security Framework,io.github.tonywasher.joceanus.gordianknot.impl.core.keystore,GordianPEMParser,43,208,3,15,11,58,3,13,0,7
GordianKnot Security Framework,io.github.tonywasher.joceanus.gordianknot.impl.core.keystore,GordianCoreKeyStoreEntry.GordianCoreKeyStoreKey,22,35,5,5,4,9,6,3,1,3
GordianKnot Security Framework,io.github.tonywasher.joceanus.gordianknot.impl.core.keystore,GordianPEMObject.GordianPEMObjectType,6,89,1,3,1,16,1,5,0,4
GordianKnot Security Framework,io.github.tonywasher.joceanus.gordianknot.impl.core.keystore,GordianCoreKeyStoreGateway.GordianRequestCache,0,15,0,0,0,6,0,3,0,3
GordianKnot Security Framework,io.github.tonywasher.joceanus.gordianknot.impl.core.keystore,GordianCoreKeyStoreEntry,10,32,3,3,4,10,4,4,1,4
GordianKnot Security Framework,io.github.tonywasher.joceanus.gordianknot.impl.core.keystore,GordianCRMEncryptor,51,357,1,5,9,73,2,15,1,13
GordianKnot Security Framework,io.github.tonywasher.joceanus.gordianknot.impl.ext.engines,GordianSkeinXofEngine,88,164,10,12,19,41,13,8,4,6
GordianKnot Security Framework,io.github.tonywasher.joceanus.gordianknot.impl.ext.engines,GordianAnubisEngine,28,7411,6,40,6,98,6,26,0,9
GordianKnot Security Framework,io.github.tonywasher.joceanus.gordianknot.impl.ext.engines,GordianXChaCha20Engine,14,138,2,2,2,19,2,4,0,4
GordianKnot Security Framework,io.github.tonywasher.joceanus.gordianknot.impl.ext.engines,GordianRabbitEngine,29,1176,10,44,6,134,11,33,1,16
GordianKnot Security Framework,io.github.tonywasher.joceanus.gordianknot.impl.ext.engines,GordianZuc128Engine,29,3366,10,18,6,174,11,30,1,26
GordianKnot Security Framework,io.github.tonywasher.joceanus.gordianknot.impl.ext.engines,GordianSimonEngine,23,1586,8,20,5,51,8,18,0,12
GordianKnot Security Framework,io.github.tonywasher.joceanus.gordianknot.impl.ext.engines,GordianRabbitEngine.GordianRabbitContext,0,32,0,0,0,7,0,2,0,2
GordianKnot Security Framework,io.github.tonywasher.joceanus.gordianknot.impl.ext.engines,GordianZuc256Engine,18,693,5,7,4,44,6,11,1,9
GordianKnot Security Framework,io.github.tonywasher.joceanus.gordianknot.impl.ext.engines,GordianBlake2XEngine,90,158,10,12,19,40,13,8,4,6
GordianKnot Security Framework,io.github.tonywasher.joceanus.gordianknot.impl.ext.engines,GordianSosemanukEngine,59,9774,13,67,11,2010,13,43,1,15
GordianKnot Security Framework,io.github.tonywasher.joceanus.gordianknot.impl.ext.engines,GordianEllipticEncryptor,68,516,21,35,15,113,21,27,0,20
GordianKnot Security Framework,io.github.tonywasher.joceanus.gordianknot.impl.ext.engines,GordianLeaEngine,29,824,11,28,6,117,10,31,0,21
GordianKnot Security Framework,io.github.tonywasher.joceanus.gordianknot.impl.ext.engines,GordianSnow3GEngine,29,3262,10,22,6,183,11,29,1,23
GordianKnot Security Framework,io.github.tonywasher.joceanus.gordianknot.impl.ext.engines,GordianMARSEngine,28,3805,5,39,6,249,5,37,0,20
GordianKnot Security Framework,io.github.tonywasher.joceanus.gordianknot.impl.ext.engines,GordianSpeckEngine,23,294,8,18,5,46,8,16,0,11
GordianKnot Security Framework,io.github.tonywasher.joceanus.gordianknot.impl.ext.engines,GordianBlake3Engine,75,157,10,12,17,37,13,8,4,6
GordianKnot Security Framework,io.github.tonywasher.joceanus.gordianknot.api.encrypt.spec,GordianEncryptorSpecBuilder,15,34,0,0,3,5,3,5,3,5
GordianKnot Security Framework,io.github.tonywasher.joceanus.gordianknot.api.encrypt.spec,GordianSM2EncryptionType,0,15,0,0,0,3,0,1,0,1
GordianKnot Security Framework,io.github.tonywasher.joceanus.gordianknot.impl.jca.mac,JcaMac,18,90,0,4,6,25,1,11,1,9
GordianKnot Security Framework,io.github.tonywasher.joceanus.gordianknot.impl.jca.mac,JcaMacFactory,26,270,2,33,6,69,2,39,0,18
GordianKnot Security Framework,io.github.tonywasher.joceanus.gordianknot.api.keypair.spec,GordianNTRUSpec,0,39,0,0,0,7,0,1,0,1
GordianKnot Security Framework,io.github.tonywasher.joceanus.gordianknot.api.keypair.spec,GordianLMSSpec.GordianLMSHash,0,15,0,0,0,3,0,1,0,1
GordianKnot Security Framework,io.github.tonywasher.joceanus.gordianknot.api.keypair.spec,GordianMLKEMSpec,0,21,0,0,0,4,0,1,0,1
GordianKnot Security Framework,io.github.tonywasher.joceanus.gordianknot.api.keypair.spec,GordianCMCESpec,0,63,0,0,0,11,0,1,0,1
GordianKnot Security Framework,io.github.tonywasher.joceanus.gordianknot.api.keypair.spec,GordianSnovaSpec,0,267,0,0,0,45,0,1,0,1
GordianKnot Security Framework,io.github.tonywasher.joceanus.gordianknot.api.keypair.spec,GordianLMSSpec.GordianLMSWidth,0,27,0,0,0,5,0,1,0,1
GordianKnot Security Framework,io.github.tonywasher.joceanus.gordianknot.api.keypair.spec,GordianXMSSSpec.GordianXMSSMTLayers,3,53,0,0,1,10,1,2,1,2
GordianKnot Security Framework,io.github.tonywasher.joceanus.gordianknot.api.keypair.spec,GordianFalconSpec,0,15,0,0,0,3,0,1,0,1
GordianKnot Security Framework,io.github.tonywasher.joceanus.gordianknot.api.keypair.spec,GordianPicnicSpec,0,75,0,0,0,13,0,1,0,1
GordianKnot Security Framework,io.github.tonywasher.joceanus.gordianknot.api.keypair.spec,GordianKeyPairType,0,177,0,0,0,30,0,1,0,1
GordianKnot Security Framework,io.github.tonywasher.joceanus.gordianknot.api.keypair.spec,GordianRSASpec,0,45,0,0,0,8,0,1,0,1
GordianKnot Security Framework,io.github.tonywasher.joceanus.gordianknot.api.keypair.spec,GordianXMSSSpec.GordianXMSSDigestType,0,27,0,0,0,5,0,1,0,1
GordianKnot Security Framework,io.github.tonywasher.joceanus.gordianknot.api.keypair.spec,GordianBIKESpec,0,21,0,0,0,4,0,1,0,1
GordianKnot Security Framework,io.github.tonywasher.joceanus.gordianknot.api.keypair.spec,GordianEdwardsSpec,0,15,0,0,0,3,0,1,0,1
GordianKnot Security Framework,io.github.tonywasher.joceanus.gordianknot.api.keypair.spec,GordianNTRUPrimeSpec.GordianNTRUPrimeParams,0,39,0,0,0,7,0,1,0,1
GordianKnot Security Framework,io.github.tonywasher.joceanus.gordianknot.api.keypair.spec,GordianHQCSpec,0,21,0,0,0,4,0,1,0,1
GordianKnot Security Framework,io.github.tonywasher.joceanus.gordianknot.api.keypair.spec,GordianSM2Spec,0,15,0,0,0,3,0,1,0,1
GordianKnot Security Framework,io.github.tonywasher.joceanus.gordianknot.api.keypair.spec,GordianMayoSpec,0,27,0,0,0,5,0,1,0,1
GordianKnot Security Framework,io.github.tonywasher.joceanus.gordianknot.api.keypair.spec,GordianDHSpec,0,75,0,0,0,13,0,1,0,1
GordianKnot Security Framework,io.github.tonywasher.joceanus.gordianknot.api.keypair.spec,GordianDSTUSpec,0,21,0,0,0,4,0,1,0,1
GordianKnot Security Framework,io.github.tonywasher.joceanus.gordianknot.api.keypair.spec,GordianXMSSSpec.GordianXMSSKeyType,0,15,0,0,0,3,0,1,0,1
GordianKnot Security Framework,io.github.tonywasher.joceanus.gordianknot.api.keypair.spec,GordianDSASpec,0,21,0,0,0,4,0,1,0,1
GordianKnot Security Framework,io.github.tonywasher.joceanus.gordianknot.api.keypair.spec,GordianLMSSpec.GordianLMSHeight,0,33,0,0,0,6,0,1,0,1
GordianKnot Security Framework,io.github.tonywasher.joceanus.gordianknot.api.keypair.spec,GordianFRODOSpec,0,39,0,0,0,7,0,1,0,1
GordianKnot Security Framework,io.github.tonywasher.joceanus.gordianknot.api.keypair.spec,GordianNTRUPlusSpec,0,21,0,0,0,4,0,1,0,1
GordianKnot Security Framework,io.github.tonywasher.joceanus.gordianknot.api.keypair.spec,GordianSABERSpec,0,57,0,0,0,10,0,1,0,1
GordianKnot Security Framework,io.github.tonywasher.joceanus.gordianknot.api.keypair.spec,GordianKeyPairSpecBuilder,9,234,0,0,1,33,1,33,1,33
GordianKnot Security Framework,io.github.tonywasher.joceanus.gordianknot.api.keypair.spec,GordianSLHDSASpec,0,147,0,0,0,25,0,1,0,1
GordianKnot Security Framework,io.github.tonywasher.joceanus.gordianknot.api.keypair.spec,GordianNTRUPrimeSpec.GordianNTRUPrimeType,0,15,0,0,0,3,0,1,0,1
GordianKnot Security Framework,io.github.tonywasher.joceanus.gordianknot.api.keypair.spec,GordianMLDSASpec,0,39,0,0,0,7,0,1,0,1
GordianKnot Security Framework,io.github.tonywasher.joceanus.gordianknot.api.keypair.spec,GordianGOSTSpec,0,27,0,0,0,5,0,1,0,1
GordianKnot Security Framework,io.github.tonywasher.joceanus.gordianknot.api.keypair.spec,GordianXMSSSpec.GordianXMSSHeight,0,49,0,0,0,10,0,3,0,3
GordianKnot Security Framework,io.github.tonywasher.joceanus.gordianknot.api.keypair.spec,GordianECSpec,0,111,0,0,0,19,0,1,0,1
GordianKnot Security Framework,io.github.tonywasher.joceanus.gordianknot.api.cipher,GordianWrapper,0,5,0,0,0,1,0,1,0,1
GordianKnot Security Framework,io.github.tonywasher.joceanus.gordianknot.api.cipher,GordianCipher,76,63,7,3,18,12,8,5,4,4
GordianKnot Security Framework,io.github.tonywasher.joceanus.gordianknot.api.cipher,GordianAEADCipher,0,7,0,0,0,2,0,1,0,1
GordianKnot Security Framework,io.github.tonywasher.joceanus.gordianknot.api.keyset.spec,GordianKeySetSpec,0,10,0,0,0,3,0,1,0,1
GordianKnot Security Framework,io.github.tonywasher.joceanus.gordianknot.impl.jca.base,JcaKeyGenerator,4,48,0,0,2,9,1,4,1,4
GordianKnot Security Framework,io.github.tonywasher.joceanus.gordianknot.impl.jca.base,JcaKey,30,46,5,5,6,12,6,5,1,5
GordianKnot Security Framework,io.github.tonywasher.joceanus.gordianknot.impl.jca.base,JcaProvider,0,12,0,0,0,3,0,1,0,1
GordianKnot Security Framework,io.github.tonywasher.joceanus.gordianknot.api.keyset,GordianBadCredentialsException,4,0,0,0,2,0,1,0,1,0
GordianKnot Security Framework,io.github.tonywasher.joceanus.gordianknot.api.keyset,GordianKeySet,10,0,0,0,2,0,2,0,2,0
GordianKnot Security Framework,org.bouncycastle.crypto.patch.macs,GordianKMAC,47,228,10,16,11,54,13,15,4,11
GordianKnot Security Framework,org.bouncycastle.crypto.patch.macs,GordianDSTU7624Mac,48,299,9,15,10,56,10,12,2,8
GordianKnot Security Framework,org.bouncycastle.crypto.patch.macs,GordianKGMac,36,57,1,1,12,15,5,5,4,5
GordianKnot Security Framework,io.github.tonywasher.joceanus.gordianknot.impl.core.spec.base,GordianBundleLoader,22,67,2,4,7,16,3,5,2,3
GordianKnot Security Framework,io.github.tonywasher.joceanus.gordianknot.api.agree,GordianAgreementFactory,6,0,0,0,1,0,1,0,1,0
GordianKnot Security Framework,io.github.tonywasher.joceanus.gordianknot.api.agree,GordianAgreementStatus,0,27,0,0,0,5,0,1,0,1
GordianKnot Security Framework,io.github.tonywasher.joceanus.gordianknot.impl.core.base,GordianPersonalisation,16,528,7,39,7,120,7,33,0,17
GordianKnot Security Framework,io.github.tonywasher.joceanus.gordianknot.impl.core.base,GordianIdManager,26,578,0,40,7,110,1,45,1,25
GordianKnot Security Framework,io.github.tonywasher.joceanus.gordianknot.impl.core.base,GordianValidator,6,133,5,19,1,24,6,29,1,22
GordianKnot Security Framework,io.github.tonywasher.joceanus.gordianknot.impl.core.base,GordianCoreKnuthObfuscater.GordianIdMarker,8,96,2,4,2,17,2,6,0,5
GordianKnot Security Framework,io.github.tonywasher.joceanus.gordianknot.impl.core.base,GordianRandomSource,9,135,2,8,2,37,2,9,0,6
GordianKnot Security Framework,io.github.tonywasher.joceanus.gordianknot.impl.core.base,GordianBaseData,32,11,2,0,8,3,2,1,1,1
GordianKnot Security Framework,io.github.tonywasher.joceanus.gordianknot.impl.core.base,GordianASN1Util.GordianASN1Object,7,7,0,0,2,2,0,2,0,2
GordianKnot Security Framework,io.github.tonywasher.joceanus.gordianknot.impl.core.base,GordianCoreKnuthObfuscater,105,1051,3,77,15,235,7,106,4,52
GordianKnot Security Framework,io.github.tonywasher.joceanus.gordianknot.impl.core.base,GordianDataConverter,135,673,11,63,30,149,12,42,3,14
GordianKnot Security Framework,io.github.tonywasher.joceanus.gordianknot.impl.core.base,GordianASN1Util,6,68,0,4,2,18,0,8,0,6
GordianKnot Security Framework,io.github.tonywasher.joceanus.gordianknot.impl.core.base,GordianParameters,49,268,10,18,10,68,12,18,2,14
GordianKnot Security Framework,io.github.tonywasher.joceanus.gordianknot.impl.core.base,GordianPersonalisation.GordianPersonalId,0,33,0,0,0,6,0,1,0,1
GordianKnot Security Framework,io.github.tonywasher.joceanus.gordianknot.impl.core.base,GordianByteArrayInteger,4,196,3,19,1,47,3,16,0,8
GordianKnot Security Framework,io.github.tonywasher.joceanus.gordianknot.impl.bc.cipher,BouncyStreamKeyCipher,26,89,7,7,8,23,8,9,2,8
GordianKnot Security Framework,io.github.tonywasher.joceanus.gordianknot.impl.bc.cipher,BouncyCipherFactory,30,675,5,105,5,140,5,99,0,13
GordianKnot Security Framework,io.github.tonywasher.joceanus.gordianknot.impl.bc.cipher,BouncyKeyGenerator,4,42,0,0,2,9,1,4,1,4
GordianKnot Security Framework,io.github.tonywasher.joceanus.gordianknot.impl.bc.cipher,BouncySymKeyCipher,42,117,10,10,11,28,10,11,2,9
GordianKnot Security Framework,io.github.tonywasher.joceanus.gordianknot.impl.bc.cipher,BouncySymKeyAEADCipher,74,85,14,2,19,20,10,8,3,7
GordianKnot Security Framework,io.github.tonywasher.joceanus.gordianknot.impl.bc.cipher,BouncyKey,29,44,5,5,6,12,6,5,1,5
GordianKnot Security Framework,io.github.tonywasher.joceanus.gordianknot.impl.bc.cipher,BouncyStreamKeyAEADCipher,67,79,14,2,17,18,10,7,3,6
GordianKnot Security Framework,io.github.tonywasher.joceanus.gordianknot.api.factory,GordianFactory.GordianFactoryLock,0,4,0,0,0,1,0,1,0,1
GordianKnot Security Framework,io.github.tonywasher.joceanus.gordianknot.api.factory,GordianFactoryType,0,15,0,0,0,3,0,1,0,1
GordianKnot Security Framework,io.github.tonywasher.joceanus.gordianknot.impl.core.spec.sign,GordianCoreSignatureSpecBuilder,0,136,0,12,0,33,0,16,0,10
GordianKnot Security Framework,io.github.tonywasher.joceanus.gordianknot.impl.core.spec.sign,GordianCoreSignatureType,26,139,10,20,7,32,7,24,1,13
GordianKnot Security Framework,io.github.tonywasher.joceanus.gordianknot.impl.core.spec.sign,GordianCoreSignatureSpec,20,328,17,58,7,68,17,40,0,17
GordianKnot Security Framework,io.github.tonywasher.joceanus.gordianknot.impl.jca.agree,JcaNewHopeEngine,14,84,0,0,4,20,0,3,0,3
GordianKnot Security Framework,io.github.tonywasher.joceanus.gordianknot.impl.jca.agree,JcaBasicEngine,14,86,0,0,4,19,0,3,0,3
GordianKnot Security Framework,io.github.tonywasher.joceanus.gordianknot.impl.jca.agree,JcaPostQuantumEngine,14,86,0,0,4,20,0,3,0,3
GordianKnot Security Framework,io.github.tonywasher.joceanus.gordianknot.impl.jca.agree,JcaAgreementFactory,20,271,5,39,3,51,5,34,0,9
GordianKnot Security Framework,io.github.tonywasher.joceanus.gordianknot.impl.jca.agree,JcaSM2Engine,22,142,4,4,4,29,4,3,0,3
GordianKnot Security Framework,io.github.tonywasher.joceanus.gordianknot.impl.jca.agree,JcaAnonEngine,14,86,0,0,4,19,0,3,0,3
GordianKnot Security Framework,io.github.tonywasher.joceanus.gordianknot.impl.jca.agree,JcaAgreement.JcaAgreementBase,17,170,2,20,4,33,2,21,0,8
GordianKnot Security Framework,io.github.tonywasher.joceanus.gordianknot.impl.jca.agree,JcaMQVEngine,14,134,0,0,4,27,0,3,0,3
GordianKnot Security Framework,io.github.tonywasher.joceanus.gordianknot.impl.jca.agree,JcaAgreement,23,69,2,13,6,20,2,12,0,3
GordianKnot Security Framework,io.github.tonywasher.joceanus.gordianknot.impl.jca.agree,JcaUnifiedEngine,14,150,0,0,4,29,0,3,0,3
GordianKnot Security Framework,io.github.tonywasher.joceanus.gordianknot.impl.ext.modes,GordianGCMSIVBlockCipher.GCMSIVCache,0,11,0,0,0,5,0,3,0,3
GordianKnot Security Framework,io.github.tonywasher.joceanus.gordianknot.impl.ext.modes,GordianGCMSIVBlockCipher,94,964,22,66,22,214,26,50,5,27
GordianKnot Security Framework,io.github.tonywasher.joceanus.gordianknot.impl.ext.modes,GordianChaChaPoly1305,103,487,14,32,22,111,19,28,6,18
GordianKnot Security Framework,io.github.tonywasher.joceanus.gordianknot.impl.ext.modes,GordianGCMSIVBlockCipher.GCMSIVHasher,0,155,0,10,0,35,0,11,0,6
GordianKnot Security Framework,io.github.tonywasher.joceanus.gordianknot.impl.ext.macs,GordianSkeinXMac,69,65,4,2,16,15,9,7,6,7
GordianKnot Security Framework,io.github.tonywasher.joceanus.gordianknot.impl.ext.macs,GordianZuc256Mac,4,287,0,20,1,54,1,22,1,12
GordianKnot Security Framework,io.github.tonywasher.joceanus.gordianknot.impl.ext.macs,GordianBlake3Mac,35,64,3,3,10,16,8,7,5,7
GordianKnot Security Framework,io.github.tonywasher.joceanus.gordianknot.impl.ext.macs,GordianBlake2Mac,27,54,2,4,8,16,5,6,3,5
GordianKnot Security Framework,io.github.tonywasher.joceanus.gordianknot.impl.ext.macs,GordianSkeinMac,59,44,4,2,13,12,7,5,4,5
GordianKnot Security Framework,io.github.tonywasher.joceanus.gordianknot.impl.ext.macs,GordianKMACWrapper,46,75,3,3,12,18,8,7,5,7
GordianKnot Security Framework,io.github.tonywasher.joceanus.gordianknot.impl.ext.macs,GordianZuc128Mac,2,235,0,14,1,49,1,19,1,12
GordianKnot Security Framework,io.github.tonywasher.joceanus.gordianknot.impl.ext.macs,GordianBlake2XMac,48,57,3,3,14,15,8,7,5,7
GordianKnot Security Framework,io.github.tonywasher.joceanus.gordianknot.impl.jca.digest,JcaDigestFactory,7,24,0,0,2,7,0,3,0,3
GordianKnot Security Framework,io.github.tonywasher.joceanus.gordianknot.impl.jca.digest,JcaDigest,18,241,1,47,5,76,2,52,1,20
